2023-09-19 15:20:26.154 [main] INFO  c.e.b.BlogSystemConsumerApplication - Starting BlogSystemConsumerApplication using Java 17.0.2 on DESKTOP-I8BU1F2 with PID 24704 (D:\Code\Blog-System\BlogSystem-consumer\target\classes started by Peter in D:\Code\Blog-System)
2023-09-19 15:20:26.156 [main] INFO  c.e.b.BlogSystemConsumerApplication - No active profile set, falling back to default profiles: default
2023-09-19 15:20:26.780 [main] INFO  o.s.d.r.config.RepositoryConfigurationDelegate - Multiple Spring Data modules found, entering strict repository configuration mode!
2023-09-19 15:20:26.782 [main] INFO  o.s.d.r.config.RepositoryConfigurationDelegate - Bootstrapping Spring Data Redis repositories in DEFAULT mode.
2023-09-19 15:20:26.799 [main] INFO  o.s.d.r.config.RepositoryConfigurationDelegate - Finished Spring Data repository scanning in 3 ms. Found 0 Redis repository interfaces.
2023-09-19 15:20:26.957 [main] INFO  o.springframework.cloud.context.scope.GenericScope - BeanFactory id=ea17906a-0cb1-345a-b2c4-c8672e3ac5b4
2023-09-19 15:20:27.314 [main] INFO  o.s.boot.web.embedded.tomcat.TomcatWebServer - Tomcat initialized with port(s): 7099 (http)
2023-09-19 15:20:27.319 [main] INFO  org.apache.coyote.http11.Http11NioProtocol - Initializing ProtocolHandler ["http-nio-7099"]
2023-09-19 15:20:27.319 [main] INFO  org.apache.catalina.core.StandardService - Starting service [Tomcat]
2023-09-19 15:20:27.319 [main] INFO  org.apache.catalina.core.StandardEngine - Starting Servlet engine: [Apache Tomcat/9.0.55]
2023-09-19 15:20:27.388 [main] INFO  o.a.c.c.C.[Tomcat].[localhost].[/consumer] - Initializing Spring embedded WebApplicationContext
2023-09-19 15:20:27.388 [main] INFO  o.s.b.w.s.c.ServletWebServerApplicationContext - Root WebApplicationContext: initialization completed in 1202 ms
2023-09-19 15:20:27.901 [main] INFO  o.s.cloud.openfeign.FeignClientFactoryBean - For 'user-provider-server' URL not provided. Will try picking an instance via load-balancing.
2023-09-19 15:20:28.250 [main] INFO  o.s.cloud.openfeign.FeignClientFactoryBean - For 'article-provider-server' URL not provided. Will try picking an instance via load-balancing.
2023-09-19 15:20:28.265 [main] INFO  o.s.cloud.openfeign.FeignClientFactoryBean - For 'mail-provider-server' URL not provided. Will try picking an instance via load-balancing.
2023-09-19 15:20:28.708 [main] INFO  o.s.b.a.web.servlet.WelcomePageHandlerMapping - Adding welcome page template: index
2023-09-19 15:20:29.407 [main] INFO  o.s.c.n.e.c.DiscoveryClientOptionalArgsConfiguration - Eureka HTTP Client uses RestTemplate.
2023-09-19 15:20:29.452 [main] WARN  o.s.c.l.c.LoadBalancerCacheAutoConfiguration$LoadBalancerCaffeineWarnLogger - Spring Cloud LoadBalancer is currently working with the default cache. While this cache implementation is useful for development and tests, it's recommended to use Caffeine cache in production.You can switch to using Caffeine cache, by adding it and org.springframework.cache.caffeine.CaffeineCacheManager to the classpath.
2023-09-19 15:20:29.461 [main] INFO  o.s.b.actuate.endpoint.web.EndpointLinksResolver - Exposing 1 endpoint(s) beneath base path '/actuator'
2023-09-19 15:20:29.513 [main] INFO  o.s.cloud.netflix.eureka.InstanceInfoFactory - Setting initial instance status as: STARTING
2023-09-19 15:20:29.540 [main] INFO  com.netflix.discovery.DiscoveryClient - Initializing Eureka in region us-east-1
2023-09-19 15:20:29.543 [main] INFO  c.n.d.shared.resolver.aws.ConfigClusterResolver - Resolving eureka endpoints via configuration
2023-09-19 15:20:29.558 [main] INFO  com.netflix.discovery.DiscoveryClient - Disable delta property : false
2023-09-19 15:20:29.559 [main] INFO  com.netflix.discovery.DiscoveryClient - Single vip registry refresh property : null
2023-09-19 15:20:29.559 [main] INFO  com.netflix.discovery.DiscoveryClient - Force full registry fetch : false
2023-09-19 15:20:29.559 [main] INFO  com.netflix.discovery.DiscoveryClient - Application is null : false
2023-09-19 15:20:29.559 [main] INFO  com.netflix.discovery.DiscoveryClient - Registered Applications size is zero : true
2023-09-19 15:20:29.559 [main] INFO  com.netflix.discovery.DiscoveryClient - Application version is -1: true
2023-09-19 15:20:29.559 [main] INFO  com.netflix.discovery.DiscoveryClient - Getting all instance registry info from the eureka server
2023-09-19 15:20:29.669 [main] INFO  com.netflix.discovery.DiscoveryClient - The response status is 200
2023-09-19 15:20:29.673 [main] INFO  com.netflix.discovery.DiscoveryClient - Starting heartbeat executor: renew interval is: 30
2023-09-19 15:20:29.676 [main] INFO  com.netflix.discovery.InstanceInfoReplicator - InstanceInfoReplicator onDemand update allowed rate per min is 4
2023-09-19 15:20:29.684 [main] INFO  com.netflix.discovery.DiscoveryClient - Discovery Client initialized at timestamp 1695108029683 with initial instances count: 1
2023-09-19 15:20:29.690 [main] INFO  o.s.c.n.e.serviceregistry.EurekaServiceRegistry - Registering application CONSUMER-SERVER with eureka with status UP
2023-09-19 15:20:29.690 [main] INFO  com.netflix.discovery.DiscoveryClient - Saw local status change event StatusChangeEvent [timestamp=1695108029690, current=UP, previous=STARTING]
2023-09-19 15:20:29.691 [DiscoveryClient-InstanceInfoReplicator-0] INFO  com.netflix.discovery.DiscoveryClient - DiscoveryClient_CONSUMER-SERVER/consumer-server: registering service...
2023-09-19 15:20:29.691 [main] INFO  org.apache.coyote.http11.Http11NioProtocol - Starting ProtocolHandler ["http-nio-7099"]
2023-09-19 15:20:29.698 [main] INFO  o.s.boot.web.embedded.tomcat.TomcatWebServer - Tomcat started on port(s): 7099 (http) with context path '/consumer'
2023-09-19 15:20:29.698 [main] INFO  o.s.c.n.e.s.EurekaAutoServiceRegistration - Updating port to 7099
2023-09-19 15:20:29.717 [DiscoveryClient-InstanceInfoReplicator-0] INFO  com.netflix.discovery.DiscoveryClient - DiscoveryClient_CONSUMER-SERVER/consumer-server - registration status: 204
2023-09-19 15:20:30.362 [main] INFO  o.s.s.a.ScheduledAnnotationBeanPostProcessor - No TaskScheduler/ScheduledExecutorService bean found for scheduled processing
2023-09-19 15:20:30.366 [main] INFO  c.e.b.BlogSystemConsumerApplication - Started BlogSystemConsumerApplication in 4.579 seconds (JVM running for 4.943)
2023-09-19 15:20:30.592 [RMI TCP Connection(4)-192.168.110.202] INFO  o.a.c.c.C.[Tomcat].[localhost].[/consumer] - Initializing Spring DispatcherServlet 'dispatcherServlet'
2023-09-19 15:20:30.592 [RMI TCP Connection(4)-192.168.110.202] INFO  org.springframework.web.servlet.DispatcherServlet - Initializing Servlet 'dispatcherServlet'
2023-09-19 15:20:30.593 [RMI TCP Connection(4)-192.168.110.202] INFO  org.springframework.web.servlet.DispatcherServlet - Completed initialization in 1 ms
2023-09-19 15:21:54.615 [http-nio-7099-exec-1] ERROR c.e.b.exception.GlobalExceptionHandler - 请求地址'/consumer/Register',发生系统异常.
org.springframework.web.bind.MissingServletRequestParameterException: Required request parameter 'user' for method parameter type User is not present
	at org.springframework.web.method.annotation.RequestParamMethodArgumentResolver.handleMissingValueInternal(RequestParamMethodArgumentResolver.java:218)
	at org.springframework.web.method.annotation.RequestParamMethodArgumentResolver.handleMissingValue(RequestParamMethodArgumentResolver.java:193)
	at org.springframework.web.method.annotation.AbstractNamedValueMethodArgumentResolver.resolveArgument(AbstractNamedValueMethodArgumentResolver.java:114)
	at org.springframework.web.method.support.HandlerMethodArgumentResolverComposite.resolveArgument(HandlerMethodArgumentResolverComposite.java:121)
	at org.springframework.web.method.support.InvocableHandlerMethod.getMethodArgumentValues(InvocableHandlerMethod.java:179)
	at org.springframework.web.method.support.InvocableHandlerMethod.invokeForRequest(InvocableHandlerMethod.java:146)
	at org.springframework.web.servlet.mvc.method.annotation.ServletInvocableHandlerMethod.invokeAndHandle(ServletInvocableHandlerMethod.java:117)
	at org.springframework.web.servlet.mvc.method.annotation.RequestMappingHandlerAdapter.invokeHandlerMethod(RequestMappingHandlerAdapter.java:895)
	at org.springframework.web.servlet.mvc.method.annotation.RequestMappingHandlerAdapter.handleInternal(RequestMappingHandlerAdapter.java:808)
	at org.springframework.web.servlet.mvc.method.AbstractHandlerMethodAdapter.handle(AbstractHandlerMethodAdapter.java:87)
	at org.springframework.web.servlet.DispatcherServlet.doDispatch(DispatcherServlet.java:1067)
	at org.springframework.web.servlet.DispatcherServlet.doService(DispatcherServlet.java:963)
	at org.springframework.web.servlet.FrameworkServlet.processRequest(FrameworkServlet.java:1006)
	at org.springframework.web.servlet.FrameworkServlet.doPost(FrameworkServlet.java:909)
	at javax.servlet.http.HttpServlet.service(HttpServlet.java:681)
	at org.springframework.web.servlet.FrameworkServlet.service(FrameworkServlet.java:883)
	at javax.servlet.http.HttpServlet.service(HttpServlet.java:764)
	at org.apache.catalina.core.ApplicationFilterChain.internalDoFilter(ApplicationFilterChain.java:227)
	at org.apache.catalina.core.ApplicationFilterChain.doFilter(ApplicationFilterChain.java:162)
	at org.apache.tomcat.websocket.server.WsFilter.doFilter(WsFilter.java:53)
	at org.apache.catalina.core.ApplicationFilterChain.internalDoFilter(ApplicationFilterChain.java:189)
	at org.apache.catalina.core.ApplicationFilterChain.doFilter(ApplicationFilterChain.java:162)
	at org.springframework.web.filter.RequestContextFilter.doFilterInternal(RequestContextFilter.java:100)
	at org.springframework.web.filter.OncePerRequestFilter.doFilter(OncePerRequestFilter.java:119)
	at org.apache.catalina.core.ApplicationFilterChain.internalDoFilter(ApplicationFilterChain.java:189)
	at org.apache.catalina.core.ApplicationFilterChain.doFilter(ApplicationFilterChain.java:162)
	at org.springframework.web.filter.FormContentFilter.doFilterInternal(FormContentFilter.java:93)
	at org.springframework.web.filter.OncePerRequestFilter.doFilter(OncePerRequestFilter.java:119)
	at org.apache.catalina.core.ApplicationFilterChain.internalDoFilter(ApplicationFilterChain.java:189)
	at org.apache.catalina.core.ApplicationFilterChain.doFilter(ApplicationFilterChain.java:162)
	at org.springframework.session.web.http.SessionRepositoryFilter.doFilterInternal(SessionRepositoryFilter.java:142)
	at org.springframework.session.web.http.OncePerRequestFilter.doFilter(OncePerRequestFilter.java:82)
	at org.apache.catalina.core.ApplicationFilterChain.internalDoFilter(ApplicationFilterChain.java:189)
	at org.apache.catalina.core.ApplicationFilterChain.doFilter(ApplicationFilterChain.java:162)
	at org.springframework.boot.actuate.metrics.web.servlet.WebMvcMetricsFilter.doFilterInternal(WebMvcMetricsFilter.java:96)
	at org.springframework.web.filter.OncePerRequestFilter.doFilter(OncePerRequestFilter.java:119)
	at org.apache.catalina.core.ApplicationFilterChain.internalDoFilter(ApplicationFilterChain.java:189)
	at org.apache.catalina.core.ApplicationFilterChain.doFilter(ApplicationFilterChain.java:162)
	at org.springframework.web.filter.CharacterEncodingFilter.doFilterInternal(CharacterEncodingFilter.java:201)
	at org.springframework.web.filter.OncePerRequestFilter.doFilter(OncePerRequestFilter.java:119)
	at org.apache.catalina.core.ApplicationFilterChain.internalDoFilter(ApplicationFilterChain.java:189)
	at org.apache.catalina.core.ApplicationFilterChain.doFilter(ApplicationFilterChain.java:162)
	at org.apache.catalina.core.StandardWrapperValve.invoke(StandardWrapperValve.java:197)
	at org.apache.catalina.core.StandardContextValve.invoke(StandardContextValve.java:97)
	at org.apache.catalina.authenticator.AuthenticatorBase.invoke(AuthenticatorBase.java:540)
	at org.apache.catalina.core.StandardHostValve.invoke(StandardHostValve.java:135)
	at org.apache.catalina.valves.ErrorReportValve.invoke(ErrorReportValve.java:92)
	at org.apache.catalina.core.StandardEngineValve.invoke(StandardEngineValve.java:78)
	at org.apache.catalina.connector.CoyoteAdapter.service(CoyoteAdapter.java:357)
	at org.apache.coyote.http11.Http11Processor.service(Http11Processor.java:382)
	at org.apache.coyote.AbstractProcessorLight.process(AbstractProcessorLight.java:65)
	at org.apache.coyote.AbstractProtocol$ConnectionHandler.process(AbstractProtocol.java:895)
	at org.apache.tomcat.util.net.NioEndpoint$SocketProcessor.doRun(NioEndpoint.java:1722)
	at org.apache.tomcat.util.net.SocketProcessorBase.run(SocketProcessorBase.java:49)
	at org.apache.tomcat.util.threads.ThreadPoolExecutor.runWorker(ThreadPoolExecutor.java:1191)
	at org.apache.tomcat.util.threads.ThreadPoolExecutor$Worker.run(ThreadPoolExecutor.java:659)
	at org.apache.tomcat.util.threads.TaskThread$WrappingRunnable.run(TaskThread.java:61)
	at java.base/java.lang.Thread.run(Thread.java:833)
2023-09-19 15:22:02.724 [http-nio-7099-exec-7] ERROR c.e.b.exception.GlobalExceptionHandler - 请求地址'/consumer/Register',发生系统异常.
org.springframework.web.bind.MissingServletRequestParameterException: Required request parameter 'user' for method parameter type User is not present
	at org.springframework.web.method.annotation.RequestParamMethodArgumentResolver.handleMissingValueInternal(RequestParamMethodArgumentResolver.java:218)
	at org.springframework.web.method.annotation.RequestParamMethodArgumentResolver.handleMissingValue(RequestParamMethodArgumentResolver.java:193)
	at org.springframework.web.method.annotation.AbstractNamedValueMethodArgumentResolver.resolveArgument(AbstractNamedValueMethodArgumentResolver.java:114)
	at org.springframework.web.method.support.HandlerMethodArgumentResolverComposite.resolveArgument(HandlerMethodArgumentResolverComposite.java:121)
	at org.springframework.web.method.support.InvocableHandlerMethod.getMethodArgumentValues(InvocableHandlerMethod.java:179)
	at org.springframework.web.method.support.InvocableHandlerMethod.invokeForRequest(InvocableHandlerMethod.java:146)
	at org.springframework.web.servlet.mvc.method.annotation.ServletInvocableHandlerMethod.invokeAndHandle(ServletInvocableHandlerMethod.java:117)
	at org.springframework.web.servlet.mvc.method.annotation.RequestMappingHandlerAdapter.invokeHandlerMethod(RequestMappingHandlerAdapter.java:895)
	at org.springframework.web.servlet.mvc.method.annotation.RequestMappingHandlerAdapter.handleInternal(RequestMappingHandlerAdapter.java:808)
	at org.springframework.web.servlet.mvc.method.AbstractHandlerMethodAdapter.handle(AbstractHandlerMethodAdapter.java:87)
	at org.springframework.web.servlet.DispatcherServlet.doDispatch(DispatcherServlet.java:1067)
	at org.springframework.web.servlet.DispatcherServlet.doService(DispatcherServlet.java:963)
	at org.springframework.web.servlet.FrameworkServlet.processRequest(FrameworkServlet.java:1006)
	at org.springframework.web.servlet.FrameworkServlet.doPost(FrameworkServlet.java:909)
	at javax.servlet.http.HttpServlet.service(HttpServlet.java:681)
	at org.springframework.web.servlet.FrameworkServlet.service(FrameworkServlet.java:883)
	at javax.servlet.http.HttpServlet.service(HttpServlet.java:764)
	at org.apache.catalina.core.ApplicationFilterChain.internalDoFilter(ApplicationFilterChain.java:227)
	at org.apache.catalina.core.ApplicationFilterChain.doFilter(ApplicationFilterChain.java:162)
	at org.apache.tomcat.websocket.server.WsFilter.doFilter(WsFilter.java:53)
	at org.apache.catalina.core.ApplicationFilterChain.internalDoFilter(ApplicationFilterChain.java:189)
	at org.apache.catalina.core.ApplicationFilterChain.doFilter(ApplicationFilterChain.java:162)
	at org.springframework.web.filter.RequestContextFilter.doFilterInternal(RequestContextFilter.java:100)
	at org.springframework.web.filter.OncePerRequestFilter.doFilter(OncePerRequestFilter.java:119)
	at org.apache.catalina.core.ApplicationFilterChain.internalDoFilter(ApplicationFilterChain.java:189)
	at org.apache.catalina.core.ApplicationFilterChain.doFilter(ApplicationFilterChain.java:162)
	at org.springframework.web.filter.FormContentFilter.doFilterInternal(FormContentFilter.java:93)
	at org.springframework.web.filter.OncePerRequestFilter.doFilter(OncePerRequestFilter.java:119)
	at org.apache.catalina.core.ApplicationFilterChain.internalDoFilter(ApplicationFilterChain.java:189)
	at org.apache.catalina.core.ApplicationFilterChain.doFilter(ApplicationFilterChain.java:162)
	at org.springframework.session.web.http.SessionRepositoryFilter.doFilterInternal(SessionRepositoryFilter.java:142)
	at org.springframework.session.web.http.OncePerRequestFilter.doFilter(OncePerRequestFilter.java:82)
	at org.apache.catalina.core.ApplicationFilterChain.internalDoFilter(ApplicationFilterChain.java:189)
	at org.apache.catalina.core.ApplicationFilterChain.doFilter(ApplicationFilterChain.java:162)
	at org.springframework.boot.actuate.metrics.web.servlet.WebMvcMetricsFilter.doFilterInternal(WebMvcMetricsFilter.java:96)
	at org.springframework.web.filter.OncePerRequestFilter.doFilter(OncePerRequestFilter.java:119)
	at org.apache.catalina.core.ApplicationFilterChain.internalDoFilter(ApplicationFilterChain.java:189)
	at org.apache.catalina.core.ApplicationFilterChain.doFilter(ApplicationFilterChain.java:162)
	at org.springframework.web.filter.CharacterEncodingFilter.doFilterInternal(CharacterEncodingFilter.java:201)
	at org.springframework.web.filter.OncePerRequestFilter.doFilter(OncePerRequestFilter.java:119)
	at org.apache.catalina.core.ApplicationFilterChain.internalDoFilter(ApplicationFilterChain.java:189)
	at org.apache.catalina.core.ApplicationFilterChain.doFilter(ApplicationFilterChain.java:162)
	at org.apache.catalina.core.StandardWrapperValve.invoke(StandardWrapperValve.java:197)
	at org.apache.catalina.core.StandardContextValve.invoke(StandardContextValve.java:97)
	at org.apache.catalina.authenticator.AuthenticatorBase.invoke(AuthenticatorBase.java:540)
	at org.apache.catalina.core.StandardHostValve.invoke(StandardHostValve.java:135)
	at org.apache.catalina.valves.ErrorReportValve.invoke(ErrorReportValve.java:92)
	at org.apache.catalina.core.StandardEngineValve.invoke(StandardEngineValve.java:78)
	at org.apache.catalina.connector.CoyoteAdapter.service(CoyoteAdapter.java:357)
	at org.apache.coyote.http11.Http11Processor.service(Http11Processor.java:382)
	at org.apache.coyote.AbstractProcessorLight.process(AbstractProcessorLight.java:65)
	at org.apache.coyote.AbstractProtocol$ConnectionHandler.process(AbstractProtocol.java:895)
	at org.apache.tomcat.util.net.NioEndpoint$SocketProcessor.doRun(NioEndpoint.java:1722)
	at org.apache.tomcat.util.net.SocketProcessorBase.run(SocketProcessorBase.java:49)
	at org.apache.tomcat.util.threads.ThreadPoolExecutor.runWorker(ThreadPoolExecutor.java:1191)
	at org.apache.tomcat.util.threads.ThreadPoolExecutor$Worker.run(ThreadPoolExecutor.java:659)
	at org.apache.tomcat.util.threads.TaskThread$WrappingRunnable.run(TaskThread.java:61)
	at java.base/java.lang.Thread.run(Thread.java:833)
2023-09-19 15:22:05.381 [http-nio-7099-exec-5] ERROR c.e.b.exception.GlobalExceptionHandler - 请求地址'/consumer/Register',发生系统异常.
org.springframework.web.bind.MissingServletRequestParameterException: Required request parameter 'user' for method parameter type User is not present
	at org.springframework.web.method.annotation.RequestParamMethodArgumentResolver.handleMissingValueInternal(RequestParamMethodArgumentResolver.java:218)
	at org.springframework.web.method.annotation.RequestParamMethodArgumentResolver.handleMissingValue(RequestParamMethodArgumentResolver.java:193)
	at org.springframework.web.method.annotation.AbstractNamedValueMethodArgumentResolver.resolveArgument(AbstractNamedValueMethodArgumentResolver.java:114)
	at org.springframework.web.method.support.HandlerMethodArgumentResolverComposite.resolveArgument(HandlerMethodArgumentResolverComposite.java:121)
	at org.springframework.web.method.support.InvocableHandlerMethod.getMethodArgumentValues(InvocableHandlerMethod.java:179)
	at org.springframework.web.method.support.InvocableHandlerMethod.invokeForRequest(InvocableHandlerMethod.java:146)
	at org.springframework.web.servlet.mvc.method.annotation.ServletInvocableHandlerMethod.invokeAndHandle(ServletInvocableHandlerMethod.java:117)
	at org.springframework.web.servlet.mvc.method.annotation.RequestMappingHandlerAdapter.invokeHandlerMethod(RequestMappingHandlerAdapter.java:895)
	at org.springframework.web.servlet.mvc.method.annotation.RequestMappingHandlerAdapter.handleInternal(RequestMappingHandlerAdapter.java:808)
	at org.springframework.web.servlet.mvc.method.AbstractHandlerMethodAdapter.handle(AbstractHandlerMethodAdapter.java:87)
	at org.springframework.web.servlet.DispatcherServlet.doDispatch(DispatcherServlet.java:1067)
	at org.springframework.web.servlet.DispatcherServlet.doService(DispatcherServlet.java:963)
	at org.springframework.web.servlet.FrameworkServlet.processRequest(FrameworkServlet.java:1006)
	at org.springframework.web.servlet.FrameworkServlet.doPost(FrameworkServlet.java:909)
	at javax.servlet.http.HttpServlet.service(HttpServlet.java:681)
	at org.springframework.web.servlet.FrameworkServlet.service(FrameworkServlet.java:883)
	at javax.servlet.http.HttpServlet.service(HttpServlet.java:764)
	at org.apache.catalina.core.ApplicationFilterChain.internalDoFilter(ApplicationFilterChain.java:227)
	at org.apache.catalina.core.ApplicationFilterChain.doFilter(ApplicationFilterChain.java:162)
	at org.apache.tomcat.websocket.server.WsFilter.doFilter(WsFilter.java:53)
	at org.apache.catalina.core.ApplicationFilterChain.internalDoFilter(ApplicationFilterChain.java:189)
	at org.apache.catalina.core.ApplicationFilterChain.doFilter(ApplicationFilterChain.java:162)
	at org.springframework.web.filter.RequestContextFilter.doFilterInternal(RequestContextFilter.java:100)
	at org.springframework.web.filter.OncePerRequestFilter.doFilter(OncePerRequestFilter.java:119)
	at org.apache.catalina.core.ApplicationFilterChain.internalDoFilter(ApplicationFilterChain.java:189)
	at org.apache.catalina.core.ApplicationFilterChain.doFilter(ApplicationFilterChain.java:162)
	at org.springframework.web.filter.FormContentFilter.doFilterInternal(FormContentFilter.java:93)
	at org.springframework.web.filter.OncePerRequestFilter.doFilter(OncePerRequestFilter.java:119)
	at org.apache.catalina.core.ApplicationFilterChain.internalDoFilter(ApplicationFilterChain.java:189)
	at org.apache.catalina.core.ApplicationFilterChain.doFilter(ApplicationFilterChain.java:162)
	at org.springframework.session.web.http.SessionRepositoryFilter.doFilterInternal(SessionRepositoryFilter.java:142)
	at org.springframework.session.web.http.OncePerRequestFilter.doFilter(OncePerRequestFilter.java:82)
	at org.apache.catalina.core.ApplicationFilterChain.internalDoFilter(ApplicationFilterChain.java:189)
	at org.apache.catalina.core.ApplicationFilterChain.doFilter(ApplicationFilterChain.java:162)
	at org.springframework.boot.actuate.metrics.web.servlet.WebMvcMetricsFilter.doFilterInternal(WebMvcMetricsFilter.java:96)
	at org.springframework.web.filter.OncePerRequestFilter.doFilter(OncePerRequestFilter.java:119)
	at org.apache.catalina.core.ApplicationFilterChain.internalDoFilter(ApplicationFilterChain.java:189)
	at org.apache.catalina.core.ApplicationFilterChain.doFilter(ApplicationFilterChain.java:162)
	at org.springframework.web.filter.CharacterEncodingFilter.doFilterInternal(CharacterEncodingFilter.java:201)
	at org.springframework.web.filter.OncePerRequestFilter.doFilter(OncePerRequestFilter.java:119)
	at org.apache.catalina.core.ApplicationFilterChain.internalDoFilter(ApplicationFilterChain.java:189)
	at org.apache.catalina.core.ApplicationFilterChain.doFilter(ApplicationFilterChain.java:162)
	at org.apache.catalina.core.StandardWrapperValve.invoke(StandardWrapperValve.java:197)
	at org.apache.catalina.core.StandardContextValve.invoke(StandardContextValve.java:97)
	at org.apache.catalina.authenticator.AuthenticatorBase.invoke(AuthenticatorBase.java:540)
	at org.apache.catalina.core.StandardHostValve.invoke(StandardHostValve.java:135)
	at org.apache.catalina.valves.ErrorReportValve.invoke(ErrorReportValve.java:92)
	at org.apache.catalina.core.StandardEngineValve.invoke(StandardEngineValve.java:78)
	at org.apache.catalina.connector.CoyoteAdapter.service(CoyoteAdapter.java:357)
	at org.apache.coyote.http11.Http11Processor.service(Http11Processor.java:382)
	at org.apache.coyote.AbstractProcessorLight.process(AbstractProcessorLight.java:65)
	at org.apache.coyote.AbstractProtocol$ConnectionHandler.process(AbstractProtocol.java:895)
	at org.apache.tomcat.util.net.NioEndpoint$SocketProcessor.doRun(NioEndpoint.java:1722)
	at org.apache.tomcat.util.net.SocketProcessorBase.run(SocketProcessorBase.java:49)
	at org.apache.tomcat.util.threads.ThreadPoolExecutor.runWorker(ThreadPoolExecutor.java:1191)
	at org.apache.tomcat.util.threads.ThreadPoolExecutor$Worker.run(ThreadPoolExecutor.java:659)
	at org.apache.tomcat.util.threads.TaskThread$WrappingRunnable.run(TaskThread.java:61)
	at java.base/java.lang.Thread.run(Thread.java:833)
2023-09-19 15:22:07.974 [http-nio-7099-exec-8] ERROR c.e.b.exception.GlobalExceptionHandler - 请求地址'/consumer/Register',发生系统异常.
org.springframework.web.bind.MissingServletRequestParameterException: Required request parameter 'user' for method parameter type User is not present
	at org.springframework.web.method.annotation.RequestParamMethodArgumentResolver.handleMissingValueInternal(RequestParamMethodArgumentResolver.java:218)
	at org.springframework.web.method.annotation.RequestParamMethodArgumentResolver.handleMissingValue(RequestParamMethodArgumentResolver.java:193)
	at org.springframework.web.method.annotation.AbstractNamedValueMethodArgumentResolver.resolveArgument(AbstractNamedValueMethodArgumentResolver.java:114)
	at org.springframework.web.method.support.HandlerMethodArgumentResolverComposite.resolveArgument(HandlerMethodArgumentResolverComposite.java:121)
	at org.springframework.web.method.support.InvocableHandlerMethod.getMethodArgumentValues(InvocableHandlerMethod.java:179)
	at org.springframework.web.method.support.InvocableHandlerMethod.invokeForRequest(InvocableHandlerMethod.java:146)
	at org.springframework.web.servlet.mvc.method.annotation.ServletInvocableHandlerMethod.invokeAndHandle(ServletInvocableHandlerMethod.java:117)
	at org.springframework.web.servlet.mvc.method.annotation.RequestMappingHandlerAdapter.invokeHandlerMethod(RequestMappingHandlerAdapter.java:895)
	at org.springframework.web.servlet.mvc.method.annotation.RequestMappingHandlerAdapter.handleInternal(RequestMappingHandlerAdapter.java:808)
	at org.springframework.web.servlet.mvc.method.AbstractHandlerMethodAdapter.handle(AbstractHandlerMethodAdapter.java:87)
	at org.springframework.web.servlet.DispatcherServlet.doDispatch(DispatcherServlet.java:1067)
	at org.springframework.web.servlet.DispatcherServlet.doService(DispatcherServlet.java:963)
	at org.springframework.web.servlet.FrameworkServlet.processRequest(FrameworkServlet.java:1006)
	at org.springframework.web.servlet.FrameworkServlet.doPost(FrameworkServlet.java:909)
	at javax.servlet.http.HttpServlet.service(HttpServlet.java:681)
	at org.springframework.web.servlet.FrameworkServlet.service(FrameworkServlet.java:883)
	at javax.servlet.http.HttpServlet.service(HttpServlet.java:764)
	at org.apache.catalina.core.ApplicationFilterChain.internalDoFilter(ApplicationFilterChain.java:227)
	at org.apache.catalina.core.ApplicationFilterChain.doFilter(ApplicationFilterChain.java:162)
	at org.apache.tomcat.websocket.server.WsFilter.doFilter(WsFilter.java:53)
	at org.apache.catalina.core.ApplicationFilterChain.internalDoFilter(ApplicationFilterChain.java:189)
	at org.apache.catalina.core.ApplicationFilterChain.doFilter(ApplicationFilterChain.java:162)
	at org.springframework.web.filter.RequestContextFilter.doFilterInternal(RequestContextFilter.java:100)
	at org.springframework.web.filter.OncePerRequestFilter.doFilter(OncePerRequestFilter.java:119)
	at org.apache.catalina.core.ApplicationFilterChain.internalDoFilter(ApplicationFilterChain.java:189)
	at org.apache.catalina.core.ApplicationFilterChain.doFilter(ApplicationFilterChain.java:162)
	at org.springframework.web.filter.FormContentFilter.doFilterInternal(FormContentFilter.java:93)
	at org.springframework.web.filter.OncePerRequestFilter.doFilter(OncePerRequestFilter.java:119)
	at org.apache.catalina.core.ApplicationFilterChain.internalDoFilter(ApplicationFilterChain.java:189)
	at org.apache.catalina.core.ApplicationFilterChain.doFilter(ApplicationFilterChain.java:162)
	at org.springframework.session.web.http.SessionRepositoryFilter.doFilterInternal(SessionRepositoryFilter.java:142)
	at org.springframework.session.web.http.OncePerRequestFilter.doFilter(OncePerRequestFilter.java:82)
	at org.apache.catalina.core.ApplicationFilterChain.internalDoFilter(ApplicationFilterChain.java:189)
	at org.apache.catalina.core.ApplicationFilterChain.doFilter(ApplicationFilterChain.java:162)
	at org.springframework.boot.actuate.metrics.web.servlet.WebMvcMetricsFilter.doFilterInternal(WebMvcMetricsFilter.java:96)
	at org.springframework.web.filter.OncePerRequestFilter.doFilter(OncePerRequestFilter.java:119)
	at org.apache.catalina.core.ApplicationFilterChain.internalDoFilter(ApplicationFilterChain.java:189)
	at org.apache.catalina.core.ApplicationFilterChain.doFilter(ApplicationFilterChain.java:162)
	at org.springframework.web.filter.CharacterEncodingFilter.doFilterInternal(CharacterEncodingFilter.java:201)
	at org.springframework.web.filter.OncePerRequestFilter.doFilter(OncePerRequestFilter.java:119)
	at org.apache.catalina.core.ApplicationFilterChain.internalDoFilter(ApplicationFilterChain.java:189)
	at org.apache.catalina.core.ApplicationFilterChain.doFilter(ApplicationFilterChain.java:162)
	at org.apache.catalina.core.StandardWrapperValve.invoke(StandardWrapperValve.java:197)
	at org.apache.catalina.core.StandardContextValve.invoke(StandardContextValve.java:97)
	at org.apache.catalina.authenticator.AuthenticatorBase.invoke(AuthenticatorBase.java:540)
	at org.apache.catalina.core.StandardHostValve.invoke(StandardHostValve.java:135)
	at org.apache.catalina.valves.ErrorReportValve.invoke(ErrorReportValve.java:92)
	at org.apache.catalina.core.StandardEngineValve.invoke(StandardEngineValve.java:78)
	at org.apache.catalina.connector.CoyoteAdapter.service(CoyoteAdapter.java:357)
	at org.apache.coyote.http11.Http11Processor.service(Http11Processor.java:382)
	at org.apache.coyote.AbstractProcessorLight.process(AbstractProcessorLight.java:65)
	at org.apache.coyote.AbstractProtocol$ConnectionHandler.process(AbstractProtocol.java:895)
	at org.apache.tomcat.util.net.NioEndpoint$SocketProcessor.doRun(NioEndpoint.java:1722)
	at org.apache.tomcat.util.net.SocketProcessorBase.run(SocketProcessorBase.java:49)
	at org.apache.tomcat.util.threads.ThreadPoolExecutor.runWorker(ThreadPoolExecutor.java:1191)
	at org.apache.tomcat.util.threads.ThreadPoolExecutor$Worker.run(ThreadPoolExecutor.java:659)
	at org.apache.tomcat.util.threads.TaskThread$WrappingRunnable.run(TaskThread.java:61)
	at java.base/java.lang.Thread.run(Thread.java:833)
2023-09-19 15:22:11.862 [http-nio-7099-exec-9] ERROR c.e.b.exception.GlobalExceptionHandler - 请求地址'/consumer/Register',发生系统异常.
org.springframework.web.bind.MissingServletRequestParameterException: Required request parameter 'user' for method parameter type User is not present
	at org.springframework.web.method.annotation.RequestParamMethodArgumentResolver.handleMissingValueInternal(RequestParamMethodArgumentResolver.java:218)
	at org.springframework.web.method.annotation.RequestParamMethodArgumentResolver.handleMissingValue(RequestParamMethodArgumentResolver.java:193)
	at org.springframework.web.method.annotation.AbstractNamedValueMethodArgumentResolver.resolveArgument(AbstractNamedValueMethodArgumentResolver.java:114)
	at org.springframework.web.method.support.HandlerMethodArgumentResolverComposite.resolveArgument(HandlerMethodArgumentResolverComposite.java:121)
	at org.springframework.web.method.support.InvocableHandlerMethod.getMethodArgumentValues(InvocableHandlerMethod.java:179)
	at org.springframework.web.method.support.InvocableHandlerMethod.invokeForRequest(InvocableHandlerMethod.java:146)
	at org.springframework.web.servlet.mvc.method.annotation.ServletInvocableHandlerMethod.invokeAndHandle(ServletInvocableHandlerMethod.java:117)
	at org.springframework.web.servlet.mvc.method.annotation.RequestMappingHandlerAdapter.invokeHandlerMethod(RequestMappingHandlerAdapter.java:895)
	at org.springframework.web.servlet.mvc.method.annotation.RequestMappingHandlerAdapter.handleInternal(RequestMappingHandlerAdapter.java:808)
	at org.springframework.web.servlet.mvc.method.AbstractHandlerMethodAdapter.handle(AbstractHandlerMethodAdapter.java:87)
	at org.springframework.web.servlet.DispatcherServlet.doDispatch(DispatcherServlet.java:1067)
	at org.springframework.web.servlet.DispatcherServlet.doService(DispatcherServlet.java:963)
	at org.springframework.web.servlet.FrameworkServlet.processRequest(FrameworkServlet.java:1006)
	at org.springframework.web.servlet.FrameworkServlet.doPost(FrameworkServlet.java:909)
	at javax.servlet.http.HttpServlet.service(HttpServlet.java:681)
	at org.springframework.web.servlet.FrameworkServlet.service(FrameworkServlet.java:883)
	at javax.servlet.http.HttpServlet.service(HttpServlet.java:764)
	at org.apache.catalina.core.ApplicationFilterChain.internalDoFilter(ApplicationFilterChain.java:227)
	at org.apache.catalina.core.ApplicationFilterChain.doFilter(ApplicationFilterChain.java:162)
	at org.apache.tomcat.websocket.server.WsFilter.doFilter(WsFilter.java:53)
	at org.apache.catalina.core.ApplicationFilterChain.internalDoFilter(ApplicationFilterChain.java:189)
	at org.apache.catalina.core.ApplicationFilterChain.doFilter(ApplicationFilterChain.java:162)
	at org.springframework.web.filter.RequestContextFilter.doFilterInternal(RequestContextFilter.java:100)
	at org.springframework.web.filter.OncePerRequestFilter.doFilter(OncePerRequestFilter.java:119)
	at org.apache.catalina.core.ApplicationFilterChain.internalDoFilter(ApplicationFilterChain.java:189)
	at org.apache.catalina.core.ApplicationFilterChain.doFilter(ApplicationFilterChain.java:162)
	at org.springframework.web.filter.FormContentFilter.doFilterInternal(FormContentFilter.java:93)
	at org.springframework.web.filter.OncePerRequestFilter.doFilter(OncePerRequestFilter.java:119)
	at org.apache.catalina.core.ApplicationFilterChain.internalDoFilter(ApplicationFilterChain.java:189)
	at org.apache.catalina.core.ApplicationFilterChain.doFilter(ApplicationFilterChain.java:162)
	at org.springframework.session.web.http.SessionRepositoryFilter.doFilterInternal(SessionRepositoryFilter.java:142)
	at org.springframework.session.web.http.OncePerRequestFilter.doFilter(OncePerRequestFilter.java:82)
	at org.apache.catalina.core.ApplicationFilterChain.internalDoFilter(ApplicationFilterChain.java:189)
	at org.apache.catalina.core.ApplicationFilterChain.doFilter(ApplicationFilterChain.java:162)
	at org.springframework.boot.actuate.metrics.web.servlet.WebMvcMetricsFilter.doFilterInternal(WebMvcMetricsFilter.java:96)
	at org.springframework.web.filter.OncePerRequestFilter.doFilter(OncePerRequestFilter.java:119)
	at org.apache.catalina.core.ApplicationFilterChain.internalDoFilter(ApplicationFilterChain.java:189)
	at org.apache.catalina.core.ApplicationFilterChain.doFilter(ApplicationFilterChain.java:162)
	at org.springframework.web.filter.CharacterEncodingFilter.doFilterInternal(CharacterEncodingFilter.java:201)
	at org.springframework.web.filter.OncePerRequestFilter.doFilter(OncePerRequestFilter.java:119)
	at org.apache.catalina.core.ApplicationFilterChain.internalDoFilter(ApplicationFilterChain.java:189)
	at org.apache.catalina.core.ApplicationFilterChain.doFilter(ApplicationFilterChain.java:162)
	at org.apache.catalina.core.StandardWrapperValve.invoke(StandardWrapperValve.java:197)
	at org.apache.catalina.core.StandardContextValve.invoke(StandardContextValve.java:97)
	at org.apache.catalina.authenticator.AuthenticatorBase.invoke(AuthenticatorBase.java:540)
	at org.apache.catalina.core.StandardHostValve.invoke(StandardHostValve.java:135)
	at org.apache.catalina.valves.ErrorReportValve.invoke(ErrorReportValve.java:92)
	at org.apache.catalina.core.StandardEngineValve.invoke(StandardEngineValve.java:78)
	at org.apache.catalina.connector.CoyoteAdapter.service(CoyoteAdapter.java:357)
	at org.apache.coyote.http11.Http11Processor.service(Http11Processor.java:382)
	at org.apache.coyote.AbstractProcessorLight.process(AbstractProcessorLight.java:65)
	at org.apache.coyote.AbstractProtocol$ConnectionHandler.process(AbstractProtocol.java:895)
	at org.apache.tomcat.util.net.NioEndpoint$SocketProcessor.doRun(NioEndpoint.java:1722)
	at org.apache.tomcat.util.net.SocketProcessorBase.run(SocketProcessorBase.java:49)
	at org.apache.tomcat.util.threads.ThreadPoolExecutor.runWorker(ThreadPoolExecutor.java:1191)
	at org.apache.tomcat.util.threads.ThreadPoolExecutor$Worker.run(ThreadPoolExecutor.java:659)
	at org.apache.tomcat.util.threads.TaskThread$WrappingRunnable.run(TaskThread.java:61)
	at java.base/java.lang.Thread.run(Thread.java:833)
2023-09-19 15:22:19.132 [SpringApplicationShutdownHook] INFO  o.s.c.n.e.serviceregistry.EurekaServiceRegistry - Unregistering application CONSUMER-SERVER with eureka with status DOWN
2023-09-19 15:22:19.132 [SpringApplicationShutdownHook] INFO  com.netflix.discovery.DiscoveryClient - Saw local status change event StatusChangeEvent [timestamp=1695108139132, current=DOWN, previous=UP]
2023-09-19 15:22:19.133 [DiscoveryClient-InstanceInfoReplicator-0] INFO  com.netflix.discovery.DiscoveryClient - DiscoveryClient_CONSUMER-SERVER/consumer-server: registering service...
2023-09-19 15:22:19.136 [DiscoveryClient-InstanceInfoReplicator-0] INFO  com.netflix.discovery.DiscoveryClient - DiscoveryClient_CONSUMER-SERVER/consumer-server - registration status: 204
2023-09-19 15:22:19.272 [SpringApplicationShutdownHook] INFO  com.netflix.discovery.DiscoveryClient - Shutting down DiscoveryClient ...
2023-09-19 15:22:22.288 [SpringApplicationShutdownHook] INFO  com.netflix.discovery.DiscoveryClient - Unregistering ...
2023-09-19 15:22:22.293 [SpringApplicationShutdownHook] INFO  com.netflix.discovery.DiscoveryClient - DiscoveryClient_CONSUMER-SERVER/consumer-server - deregister  status: 200
2023-09-19 15:22:22.324 [SpringApplicationShutdownHook] INFO  com.netflix.discovery.DiscoveryClient - Completed shut down of DiscoveryClient
2023-09-19 15:23:49.743 [main] INFO  c.e.b.BlogSystemConsumerApplication - Starting BlogSystemConsumerApplication using Java 17.0.2 on DESKTOP-I8BU1F2 with PID 16640 (D:\Code\Blog-System\BlogSystem-consumer\target\classes started by Peter in D:\Code\Blog-System)
2023-09-19 15:23:49.745 [main] INFO  c.e.b.BlogSystemConsumerApplication - No active profile set, falling back to default profiles: default
2023-09-19 15:23:50.357 [main] INFO  o.s.d.r.config.RepositoryConfigurationDelegate - Multiple Spring Data modules found, entering strict repository configuration mode!
2023-09-19 15:23:50.358 [main] INFO  o.s.d.r.config.RepositoryConfigurationDelegate - Bootstrapping Spring Data Redis repositories in DEFAULT mode.
2023-09-19 15:23:50.375 [main] INFO  o.s.d.r.config.RepositoryConfigurationDelegate - Finished Spring Data repository scanning in 4 ms. Found 0 Redis repository interfaces.
2023-09-19 15:23:50.526 [main] INFO  o.springframework.cloud.context.scope.GenericScope - BeanFactory id=ea17906a-0cb1-345a-b2c4-c8672e3ac5b4
2023-09-19 15:23:50.855 [main] INFO  o.s.boot.web.embedded.tomcat.TomcatWebServer - Tomcat initialized with port(s): 7099 (http)
2023-09-19 15:23:50.860 [main] INFO  org.apache.coyote.http11.Http11NioProtocol - Initializing ProtocolHandler ["http-nio-7099"]
2023-09-19 15:23:50.860 [main] INFO  org.apache.catalina.core.StandardService - Starting service [Tomcat]
2023-09-19 15:23:50.860 [main] INFO  org.apache.catalina.core.StandardEngine - Starting Servlet engine: [Apache Tomcat/9.0.55]
2023-09-19 15:23:50.922 [main] INFO  o.a.c.c.C.[Tomcat].[localhost].[/consumer] - Initializing Spring embedded WebApplicationContext
2023-09-19 15:23:50.922 [main] INFO  o.s.b.w.s.c.ServletWebServerApplicationContext - Root WebApplicationContext: initialization completed in 1149 ms
2023-09-19 15:23:51.696 [main] INFO  o.s.cloud.openfeign.FeignClientFactoryBean - For 'user-provider-server' URL not provided. Will try picking an instance via load-balancing.
2023-09-19 15:23:52.178 [main] INFO  o.s.cloud.openfeign.FeignClientFactoryBean - For 'article-provider-server' URL not provided. Will try picking an instance via load-balancing.
2023-09-19 15:23:52.193 [main] INFO  o.s.cloud.openfeign.FeignClientFactoryBean - For 'mail-provider-server' URL not provided. Will try picking an instance via load-balancing.
2023-09-19 15:23:52.845 [main] INFO  o.s.b.a.web.servlet.WelcomePageHandlerMapping - Adding welcome page template: index
2023-09-19 15:23:53.706 [main] INFO  o.s.c.n.e.c.DiscoveryClientOptionalArgsConfiguration - Eureka HTTP Client uses RestTemplate.
2023-09-19 15:23:53.764 [main] WARN  o.s.c.l.c.LoadBalancerCacheAutoConfiguration$LoadBalancerCaffeineWarnLogger - Spring Cloud LoadBalancer is currently working with the default cache. While this cache implementation is useful for development and tests, it's recommended to use Caffeine cache in production.You can switch to using Caffeine cache, by adding it and org.springframework.cache.caffeine.CaffeineCacheManager to the classpath.
2023-09-19 15:23:53.776 [main] INFO  o.s.b.actuate.endpoint.web.EndpointLinksResolver - Exposing 1 endpoint(s) beneath base path '/actuator'
2023-09-19 15:23:53.837 [main] INFO  o.s.cloud.netflix.eureka.InstanceInfoFactory - Setting initial instance status as: STARTING
2023-09-19 15:23:53.883 [main] INFO  com.netflix.discovery.DiscoveryClient - Initializing Eureka in region us-east-1
2023-09-19 15:23:53.888 [main] INFO  c.n.d.shared.resolver.aws.ConfigClusterResolver - Resolving eureka endpoints via configuration
2023-09-19 15:23:53.913 [main] INFO  com.netflix.discovery.DiscoveryClient - Disable delta property : false
2023-09-19 15:23:53.913 [main] INFO  com.netflix.discovery.DiscoveryClient - Single vip registry refresh property : null
2023-09-19 15:23:53.913 [main] INFO  com.netflix.discovery.DiscoveryClient - Force full registry fetch : false
2023-09-19 15:23:53.913 [main] INFO  com.netflix.discovery.DiscoveryClient - Application is null : false
2023-09-19 15:23:53.913 [main] INFO  com.netflix.discovery.DiscoveryClient - Registered Applications size is zero : true
2023-09-19 15:23:53.913 [main] INFO  com.netflix.discovery.DiscoveryClient - Application version is -1: true
2023-09-19 15:23:53.913 [main] INFO  com.netflix.discovery.DiscoveryClient - Getting all instance registry info from the eureka server
2023-09-19 15:23:54.120 [main] INFO  com.netflix.discovery.DiscoveryClient - The response status is 200
2023-09-19 15:23:54.125 [main] INFO  com.netflix.discovery.DiscoveryClient - Starting heartbeat executor: renew interval is: 30
2023-09-19 15:23:54.129 [main] INFO  com.netflix.discovery.InstanceInfoReplicator - InstanceInfoReplicator onDemand update allowed rate per min is 4
2023-09-19 15:23:54.139 [main] INFO  com.netflix.discovery.DiscoveryClient - Discovery Client initialized at timestamp 1695108234137 with initial instances count: 3
2023-09-19 15:23:54.145 [main] INFO  o.s.c.n.e.serviceregistry.EurekaServiceRegistry - Registering application CONSUMER-SERVER with eureka with status UP
2023-09-19 15:23:54.145 [main] INFO  com.netflix.discovery.DiscoveryClient - Saw local status change event StatusChangeEvent [timestamp=1695108234145, current=UP, previous=STARTING]
2023-09-19 15:23:54.147 [DiscoveryClient-InstanceInfoReplicator-0] INFO  com.netflix.discovery.DiscoveryClient - DiscoveryClient_CONSUMER-SERVER/consumer-server: registering service...
2023-09-19 15:23:54.148 [main] INFO  org.apache.coyote.http11.Http11NioProtocol - Starting ProtocolHandler ["http-nio-7099"]
2023-09-19 15:23:54.158 [main] INFO  o.s.boot.web.embedded.tomcat.TomcatWebServer - Tomcat started on port(s): 7099 (http) with context path '/consumer'
2023-09-19 15:23:54.159 [main] INFO  o.s.c.n.e.s.EurekaAutoServiceRegistration - Updating port to 7099
2023-09-19 15:23:54.186 [DiscoveryClient-InstanceInfoReplicator-0] INFO  com.netflix.discovery.DiscoveryClient - DiscoveryClient_CONSUMER-SERVER/consumer-server - registration status: 204
2023-09-19 15:23:54.841 [main] INFO  o.s.s.a.ScheduledAnnotationBeanPostProcessor - No TaskScheduler/ScheduledExecutorService bean found for scheduled processing
2023-09-19 15:23:54.848 [main] INFO  c.e.b.BlogSystemConsumerApplication - Started BlogSystemConsumerApplication in 5.449 seconds (JVM running for 5.838)
2023-09-19 15:23:55.289 [RMI TCP Connection(2)-192.168.110.202] INFO  o.a.c.c.C.[Tomcat].[localhost].[/consumer] - Initializing Spring DispatcherServlet 'dispatcherServlet'
2023-09-19 15:23:55.289 [RMI TCP Connection(2)-192.168.110.202] INFO  org.springframework.web.servlet.DispatcherServlet - Initializing Servlet 'dispatcherServlet'
2023-09-19 15:23:55.290 [RMI TCP Connection(2)-192.168.110.202] INFO  org.springframework.web.servlet.DispatcherServlet - Completed initialization in 1 ms
2023-09-19 15:25:24.757 [http-nio-7099-exec-1] DEBUG c.e.blogsystemconsumer.service.UserProviderService - [UserProviderService#Register] ---> POST http://user-provider-server/user-provider/Register HTTP/1.1
2023-09-19 15:25:24.757 [http-nio-7099-exec-1] DEBUG c.e.blogsystemconsumer.service.UserProviderService - [UserProviderService#Register] Content-Length: 349
2023-09-19 15:25:24.758 [http-nio-7099-exec-1] DEBUG c.e.blogsystemconsumer.service.UserProviderService - [UserProviderService#Register] Content-Type: application/json
2023-09-19 15:25:24.758 [http-nio-7099-exec-1] DEBUG c.e.blogsystemconsumer.service.UserProviderService - [UserProviderService#Register] 
2023-09-19 15:25:24.758 [http-nio-7099-exec-1] DEBUG c.e.blogsystemconsumer.service.UserProviderService - [UserProviderService#Register] {"userId":null,"account":"PeterPan","password":"123456","email":"windows9.99999@hotmail.com","userName":"Peter","userIcon":null,"age":null,"sex":"男","phoneNumber":"15627866317","birthday":"2018-01-31","state":"北京市","city":"东城区","biography":null,"createTime":null,"loginTime":null,"lastLoginTime":null,"loginCount":null,"identity":null}
2023-09-19 15:25:24.758 [http-nio-7099-exec-1] DEBUG c.e.blogsystemconsumer.service.UserProviderService - [UserProviderService#Register] ---> END HTTP (349-byte body)
2023-09-19 15:25:25.914 [http-nio-7099-exec-1] DEBUG c.e.blogsystemconsumer.service.UserProviderService - [UserProviderService#Register] <--- HTTP/1.1 500  (1155ms)
2023-09-19 15:25:25.914 [http-nio-7099-exec-1] DEBUG c.e.blogsystemconsumer.service.UserProviderService - [UserProviderService#Register] connection: close
2023-09-19 15:25:25.914 [http-nio-7099-exec-1] DEBUG c.e.blogsystemconsumer.service.UserProviderService - [UserProviderService#Register] content-type: application/json
2023-09-19 15:25:25.914 [http-nio-7099-exec-1] DEBUG c.e.blogsystemconsumer.service.UserProviderService - [UserProviderService#Register] date: Tue, 19 Sep 2023 07:25:25 GMT
2023-09-19 15:25:25.914 [http-nio-7099-exec-1] DEBUG c.e.blogsystemconsumer.service.UserProviderService - [UserProviderService#Register] transfer-encoding: chunked
2023-09-19 15:25:25.915 [http-nio-7099-exec-1] DEBUG c.e.blogsystemconsumer.service.UserProviderService - [UserProviderService#Register] 
2023-09-19 15:25:25.915 [http-nio-7099-exec-1] DEBUG c.e.blogsystemconsumer.service.UserProviderService - [UserProviderService#Register] {"timestamp":"2023-09-19T07:25:25.904+00:00","status":500,"error":"Internal Server Error","path":"/user-provider/Register"}
2023-09-19 15:25:25.915 [http-nio-7099-exec-1] DEBUG c.e.blogsystemconsumer.service.UserProviderService - [UserProviderService#Register] <--- END HTTP (123-byte body)
2023-09-19 15:25:26.429 [http-nio-7099-exec-1] DEBUG c.e.blogsystemconsumer.service.UserProviderService - [UserProviderService#Register] ---> POST http://user-provider-server/user-provider/Register HTTP/1.1
2023-09-19 15:25:26.429 [http-nio-7099-exec-1] DEBUG c.e.blogsystemconsumer.service.UserProviderService - [UserProviderService#Register] Content-Length: 349
2023-09-19 15:25:26.429 [http-nio-7099-exec-1] DEBUG c.e.blogsystemconsumer.service.UserProviderService - [UserProviderService#Register] Content-Type: application/json
2023-09-19 15:25:26.429 [http-nio-7099-exec-1] DEBUG c.e.blogsystemconsumer.service.UserProviderService - [UserProviderService#Register] 
2023-09-19 15:25:26.429 [http-nio-7099-exec-1] DEBUG c.e.blogsystemconsumer.service.UserProviderService - [UserProviderService#Register] {"userId":null,"account":"PeterPan","password":"123456","email":"windows9.99999@hotmail.com","userName":"Peter","userIcon":null,"age":null,"sex":"男","phoneNumber":"15627866317","birthday":"2018-01-31","state":"北京市","city":"东城区","biography":null,"createTime":null,"loginTime":null,"lastLoginTime":null,"loginCount":null,"identity":null}
2023-09-19 15:25:26.429 [http-nio-7099-exec-1] DEBUG c.e.blogsystemconsumer.service.UserProviderService - [UserProviderService#Register] ---> END HTTP (349-byte body)
2023-09-19 15:25:27.461 [http-nio-7099-exec-1] DEBUG c.e.blogsystemconsumer.service.UserProviderService - [UserProviderService#Register] <--- HTTP/1.1 500  (1031ms)
2023-09-19 15:25:27.461 [http-nio-7099-exec-1] DEBUG c.e.blogsystemconsumer.service.UserProviderService - [UserProviderService#Register] connection: close
2023-09-19 15:25:27.461 [http-nio-7099-exec-1] DEBUG c.e.blogsystemconsumer.service.UserProviderService - [UserProviderService#Register] content-type: application/json
2023-09-19 15:25:27.461 [http-nio-7099-exec-1] DEBUG c.e.blogsystemconsumer.service.UserProviderService - [UserProviderService#Register] date: Tue, 19 Sep 2023 07:25:27 GMT
2023-09-19 15:25:27.462 [http-nio-7099-exec-1] DEBUG c.e.blogsystemconsumer.service.UserProviderService - [UserProviderService#Register] transfer-encoding: chunked
2023-09-19 15:25:27.462 [http-nio-7099-exec-1] DEBUG c.e.blogsystemconsumer.service.UserProviderService - [UserProviderService#Register] 
2023-09-19 15:25:27.462 [http-nio-7099-exec-1] DEBUG c.e.blogsystemconsumer.service.UserProviderService - [UserProviderService#Register] {"timestamp":"2023-09-19T07:25:27.460+00:00","status":500,"error":"Internal Server Error","path":"/user-provider/Register"}
2023-09-19 15:25:27.462 [http-nio-7099-exec-1] DEBUG c.e.blogsystemconsumer.service.UserProviderService - [UserProviderService#Register] <--- END HTTP (123-byte body)
2023-09-19 15:25:27.968 [http-nio-7099-exec-1] DEBUG c.e.blogsystemconsumer.service.UserProviderService - [UserProviderService#Register] ---> POST http://user-provider-server/user-provider/Register HTTP/1.1
2023-09-19 15:25:27.968 [http-nio-7099-exec-1] DEBUG c.e.blogsystemconsumer.service.UserProviderService - [UserProviderService#Register] Content-Length: 349
2023-09-19 15:25:27.968 [http-nio-7099-exec-1] DEBUG c.e.blogsystemconsumer.service.UserProviderService - [UserProviderService#Register] Content-Type: application/json
2023-09-19 15:25:27.969 [http-nio-7099-exec-1] DEBUG c.e.blogsystemconsumer.service.UserProviderService - [UserProviderService#Register] 
2023-09-19 15:25:27.969 [http-nio-7099-exec-1] DEBUG c.e.blogsystemconsumer.service.UserProviderService - [UserProviderService#Register] {"userId":null,"account":"PeterPan","password":"123456","email":"windows9.99999@hotmail.com","userName":"Peter","userIcon":null,"age":null,"sex":"男","phoneNumber":"15627866317","birthday":"2018-01-31","state":"北京市","city":"东城区","biography":null,"createTime":null,"loginTime":null,"lastLoginTime":null,"loginCount":null,"identity":null}
2023-09-19 15:25:27.969 [http-nio-7099-exec-1] DEBUG c.e.blogsystemconsumer.service.UserProviderService - [UserProviderService#Register] ---> END HTTP (349-byte body)
2023-09-19 15:25:28.986 [http-nio-7099-exec-1] DEBUG c.e.blogsystemconsumer.service.UserProviderService - [UserProviderService#Register] <--- HTTP/1.1 500  (1016ms)
2023-09-19 15:25:28.986 [http-nio-7099-exec-1] DEBUG c.e.blogsystemconsumer.service.UserProviderService - [UserProviderService#Register] connection: close
2023-09-19 15:25:28.986 [http-nio-7099-exec-1] DEBUG c.e.blogsystemconsumer.service.UserProviderService - [UserProviderService#Register] content-type: application/json
2023-09-19 15:25:28.986 [http-nio-7099-exec-1] DEBUG c.e.blogsystemconsumer.service.UserProviderService - [UserProviderService#Register] date: Tue, 19 Sep 2023 07:25:28 GMT
2023-09-19 15:25:28.986 [http-nio-7099-exec-1] DEBUG c.e.blogsystemconsumer.service.UserProviderService - [UserProviderService#Register] transfer-encoding: chunked
2023-09-19 15:25:28.986 [http-nio-7099-exec-1] DEBUG c.e.blogsystemconsumer.service.UserProviderService - [UserProviderService#Register] 
2023-09-19 15:25:28.987 [http-nio-7099-exec-1] DEBUG c.e.blogsystemconsumer.service.UserProviderService - [UserProviderService#Register] {"timestamp":"2023-09-19T07:25:28.985+00:00","status":500,"error":"Internal Server Error","path":"/user-provider/Register"}
2023-09-19 15:25:28.987 [http-nio-7099-exec-1] DEBUG c.e.blogsystemconsumer.service.UserProviderService - [UserProviderService#Register] <--- END HTTP (123-byte body)
2023-09-19 15:25:29.931 [http-nio-7099-exec-2] DEBUG c.e.blogsystemconsumer.service.UserProviderService - [UserProviderService#Register] ---> POST http://user-provider-server/user-provider/Register HTTP/1.1
2023-09-19 15:25:29.931 [http-nio-7099-exec-2] DEBUG c.e.blogsystemconsumer.service.UserProviderService - [UserProviderService#Register] Content-Length: 349
2023-09-19 15:25:29.931 [http-nio-7099-exec-2] DEBUG c.e.blogsystemconsumer.service.UserProviderService - [UserProviderService#Register] Content-Type: application/json
2023-09-19 15:25:29.931 [http-nio-7099-exec-2] DEBUG c.e.blogsystemconsumer.service.UserProviderService - [UserProviderService#Register] 
2023-09-19 15:25:29.931 [http-nio-7099-exec-2] DEBUG c.e.blogsystemconsumer.service.UserProviderService - [UserProviderService#Register] {"userId":null,"account":"PeterPan","password":"123456","email":"windows9.99999@hotmail.com","userName":"Peter","userIcon":null,"age":null,"sex":"男","phoneNumber":"15627866317","birthday":"2018-01-31","state":"北京市","city":"东城区","biography":null,"createTime":null,"loginTime":null,"lastLoginTime":null,"loginCount":null,"identity":null}
2023-09-19 15:25:29.932 [http-nio-7099-exec-2] DEBUG c.e.blogsystemconsumer.service.UserProviderService - [UserProviderService#Register] ---> END HTTP (349-byte body)
2023-09-19 15:25:30.951 [http-nio-7099-exec-2] DEBUG c.e.blogsystemconsumer.service.UserProviderService - [UserProviderService#Register] <--- HTTP/1.1 500  (1019ms)
2023-09-19 15:25:30.952 [http-nio-7099-exec-2] DEBUG c.e.blogsystemconsumer.service.UserProviderService - [UserProviderService#Register] connection: close
2023-09-19 15:25:30.952 [http-nio-7099-exec-2] DEBUG c.e.blogsystemconsumer.service.UserProviderService - [UserProviderService#Register] content-type: application/json
2023-09-19 15:25:30.952 [http-nio-7099-exec-2] DEBUG c.e.blogsystemconsumer.service.UserProviderService - [UserProviderService#Register] date: Tue, 19 Sep 2023 07:25:30 GMT
2023-09-19 15:25:30.952 [http-nio-7099-exec-2] DEBUG c.e.blogsystemconsumer.service.UserProviderService - [UserProviderService#Register] transfer-encoding: chunked
2023-09-19 15:25:30.952 [http-nio-7099-exec-2] DEBUG c.e.blogsystemconsumer.service.UserProviderService - [UserProviderService#Register] 
2023-09-19 15:25:30.952 [http-nio-7099-exec-2] DEBUG c.e.blogsystemconsumer.service.UserProviderService - [UserProviderService#Register] {"timestamp":"2023-09-19T07:25:30.951+00:00","status":500,"error":"Internal Server Error","path":"/user-provider/Register"}
2023-09-19 15:25:30.952 [http-nio-7099-exec-2] DEBUG c.e.blogsystemconsumer.service.UserProviderService - [UserProviderService#Register] <--- END HTTP (123-byte body)
2023-09-19 15:25:31.467 [http-nio-7099-exec-2] DEBUG c.e.blogsystemconsumer.service.UserProviderService - [UserProviderService#Register] ---> POST http://user-provider-server/user-provider/Register HTTP/1.1
2023-09-19 15:25:31.468 [http-nio-7099-exec-2] DEBUG c.e.blogsystemconsumer.service.UserProviderService - [UserProviderService#Register] Content-Length: 349
2023-09-19 15:25:31.468 [http-nio-7099-exec-2] DEBUG c.e.blogsystemconsumer.service.UserProviderService - [UserProviderService#Register] Content-Type: application/json
2023-09-19 15:25:31.468 [http-nio-7099-exec-2] DEBUG c.e.blogsystemconsumer.service.UserProviderService - [UserProviderService#Register] 
2023-09-19 15:25:31.468 [http-nio-7099-exec-2] DEBUG c.e.blogsystemconsumer.service.UserProviderService - [UserProviderService#Register] {"userId":null,"account":"PeterPan","password":"123456","email":"windows9.99999@hotmail.com","userName":"Peter","userIcon":null,"age":null,"sex":"男","phoneNumber":"15627866317","birthday":"2018-01-31","state":"北京市","city":"东城区","biography":null,"createTime":null,"loginTime":null,"lastLoginTime":null,"loginCount":null,"identity":null}
2023-09-19 15:25:31.468 [http-nio-7099-exec-2] DEBUG c.e.blogsystemconsumer.service.UserProviderService - [UserProviderService#Register] ---> END HTTP (349-byte body)
2023-09-19 15:25:32.489 [http-nio-7099-exec-2] DEBUG c.e.blogsystemconsumer.service.UserProviderService - [UserProviderService#Register] <--- HTTP/1.1 500  (1020ms)
2023-09-19 15:25:32.489 [http-nio-7099-exec-2] DEBUG c.e.blogsystemconsumer.service.UserProviderService - [UserProviderService#Register] connection: close
2023-09-19 15:25:32.489 [http-nio-7099-exec-2] DEBUG c.e.blogsystemconsumer.service.UserProviderService - [UserProviderService#Register] content-type: application/json
2023-09-19 15:25:32.489 [http-nio-7099-exec-2] DEBUG c.e.blogsystemconsumer.service.UserProviderService - [UserProviderService#Register] date: Tue, 19 Sep 2023 07:25:32 GMT
2023-09-19 15:25:32.489 [http-nio-7099-exec-2] DEBUG c.e.blogsystemconsumer.service.UserProviderService - [UserProviderService#Register] transfer-encoding: chunked
2023-09-19 15:25:32.489 [http-nio-7099-exec-2] DEBUG c.e.blogsystemconsumer.service.UserProviderService - [UserProviderService#Register] 
2023-09-19 15:25:32.490 [http-nio-7099-exec-2] DEBUG c.e.blogsystemconsumer.service.UserProviderService - [UserProviderService#Register] {"timestamp":"2023-09-19T07:25:32.488+00:00","status":500,"error":"Internal Server Error","path":"/user-provider/Register"}
2023-09-19 15:25:32.490 [http-nio-7099-exec-2] DEBUG c.e.blogsystemconsumer.service.UserProviderService - [UserProviderService#Register] <--- END HTTP (123-byte body)
2023-09-19 15:25:32.992 [http-nio-7099-exec-2] DEBUG c.e.blogsystemconsumer.service.UserProviderService - [UserProviderService#Register] ---> POST http://user-provider-server/user-provider/Register HTTP/1.1
2023-09-19 15:25:32.993 [http-nio-7099-exec-2] DEBUG c.e.blogsystemconsumer.service.UserProviderService - [UserProviderService#Register] Content-Length: 349
2023-09-19 15:25:32.993 [http-nio-7099-exec-2] DEBUG c.e.blogsystemconsumer.service.UserProviderService - [UserProviderService#Register] Content-Type: application/json
2023-09-19 15:25:32.993 [http-nio-7099-exec-2] DEBUG c.e.blogsystemconsumer.service.UserProviderService - [UserProviderService#Register] 
2023-09-19 15:25:32.993 [http-nio-7099-exec-2] DEBUG c.e.blogsystemconsumer.service.UserProviderService - [UserProviderService#Register] {"userId":null,"account":"PeterPan","password":"123456","email":"windows9.99999@hotmail.com","userName":"Peter","userIcon":null,"age":null,"sex":"男","phoneNumber":"15627866317","birthday":"2018-01-31","state":"北京市","city":"东城区","biography":null,"createTime":null,"loginTime":null,"lastLoginTime":null,"loginCount":null,"identity":null}
2023-09-19 15:25:32.993 [http-nio-7099-exec-2] DEBUG c.e.blogsystemconsumer.service.UserProviderService - [UserProviderService#Register] ---> END HTTP (349-byte body)
2023-09-19 15:25:34.008 [http-nio-7099-exec-2] DEBUG c.e.blogsystemconsumer.service.UserProviderService - [UserProviderService#Register] <--- HTTP/1.1 500  (1014ms)
2023-09-19 15:25:34.008 [http-nio-7099-exec-2] DEBUG c.e.blogsystemconsumer.service.UserProviderService - [UserProviderService#Register] connection: close
2023-09-19 15:25:34.008 [http-nio-7099-exec-2] DEBUG c.e.blogsystemconsumer.service.UserProviderService - [UserProviderService#Register] content-type: application/json
2023-09-19 15:25:34.008 [http-nio-7099-exec-2] DEBUG c.e.blogsystemconsumer.service.UserProviderService - [UserProviderService#Register] date: Tue, 19 Sep 2023 07:25:34 GMT
2023-09-19 15:25:34.008 [http-nio-7099-exec-2] DEBUG c.e.blogsystemconsumer.service.UserProviderService - [UserProviderService#Register] transfer-encoding: chunked
2023-09-19 15:25:34.008 [http-nio-7099-exec-2] DEBUG c.e.blogsystemconsumer.service.UserProviderService - [UserProviderService#Register] 
2023-09-19 15:25:34.008 [http-nio-7099-exec-2] DEBUG c.e.blogsystemconsumer.service.UserProviderService - [UserProviderService#Register] {"timestamp":"2023-09-19T07:25:34.007+00:00","status":500,"error":"Internal Server Error","path":"/user-provider/Register"}
2023-09-19 15:25:34.009 [http-nio-7099-exec-2] DEBUG c.e.blogsystemconsumer.service.UserProviderService - [UserProviderService#Register] <--- END HTTP (123-byte body)
2023-09-19 15:25:35.663 [http-nio-7099-exec-3] DEBUG c.e.blogsystemconsumer.service.UserProviderService - [UserProviderService#Register] ---> POST http://user-provider-server/user-provider/Register HTTP/1.1
2023-09-19 15:25:35.663 [http-nio-7099-exec-3] DEBUG c.e.blogsystemconsumer.service.UserProviderService - [UserProviderService#Register] Content-Length: 349
2023-09-19 15:25:35.663 [http-nio-7099-exec-3] DEBUG c.e.blogsystemconsumer.service.UserProviderService - [UserProviderService#Register] Content-Type: application/json
2023-09-19 15:25:35.663 [http-nio-7099-exec-3] DEBUG c.e.blogsystemconsumer.service.UserProviderService - [UserProviderService#Register] 
2023-09-19 15:25:35.663 [http-nio-7099-exec-3] DEBUG c.e.blogsystemconsumer.service.UserProviderService - [UserProviderService#Register] {"userId":null,"account":"PeterPan","password":"123456","email":"windows9.99999@hotmail.com","userName":"Peter","userIcon":null,"age":null,"sex":"男","phoneNumber":"15627866317","birthday":"2018-01-31","state":"北京市","city":"东城区","biography":null,"createTime":null,"loginTime":null,"lastLoginTime":null,"loginCount":null,"identity":null}
2023-09-19 15:25:35.663 [http-nio-7099-exec-3] DEBUG c.e.blogsystemconsumer.service.UserProviderService - [UserProviderService#Register] ---> END HTTP (349-byte body)
2023-09-19 15:25:36.688 [http-nio-7099-exec-3] DEBUG c.e.blogsystemconsumer.service.UserProviderService - [UserProviderService#Register] <--- HTTP/1.1 500  (1024ms)
2023-09-19 15:25:36.688 [http-nio-7099-exec-3] DEBUG c.e.blogsystemconsumer.service.UserProviderService - [UserProviderService#Register] connection: close
2023-09-19 15:25:36.688 [http-nio-7099-exec-3] DEBUG c.e.blogsystemconsumer.service.UserProviderService - [UserProviderService#Register] content-type: application/json
2023-09-19 15:25:36.689 [http-nio-7099-exec-3] DEBUG c.e.blogsystemconsumer.service.UserProviderService - [UserProviderService#Register] date: Tue, 19 Sep 2023 07:25:36 GMT
2023-09-19 15:25:36.689 [http-nio-7099-exec-3] DEBUG c.e.blogsystemconsumer.service.UserProviderService - [UserProviderService#Register] transfer-encoding: chunked
2023-09-19 15:25:36.689 [http-nio-7099-exec-3] DEBUG c.e.blogsystemconsumer.service.UserProviderService - [UserProviderService#Register] 
2023-09-19 15:25:36.689 [http-nio-7099-exec-3] DEBUG c.e.blogsystemconsumer.service.UserProviderService - [UserProviderService#Register] {"timestamp":"2023-09-19T07:25:36.687+00:00","status":500,"error":"Internal Server Error","path":"/user-provider/Register"}
2023-09-19 15:25:36.689 [http-nio-7099-exec-3] DEBUG c.e.blogsystemconsumer.service.UserProviderService - [UserProviderService#Register] <--- END HTTP (123-byte body)
2023-09-19 15:25:37.198 [http-nio-7099-exec-3] DEBUG c.e.blogsystemconsumer.service.UserProviderService - [UserProviderService#Register] ---> POST http://user-provider-server/user-provider/Register HTTP/1.1
2023-09-19 15:25:37.198 [http-nio-7099-exec-3] DEBUG c.e.blogsystemconsumer.service.UserProviderService - [UserProviderService#Register] Content-Length: 349
2023-09-19 15:25:37.198 [http-nio-7099-exec-3] DEBUG c.e.blogsystemconsumer.service.UserProviderService - [UserProviderService#Register] Content-Type: application/json
2023-09-19 15:25:37.199 [http-nio-7099-exec-3] DEBUG c.e.blogsystemconsumer.service.UserProviderService - [UserProviderService#Register] 
2023-09-19 15:25:37.199 [http-nio-7099-exec-3] DEBUG c.e.blogsystemconsumer.service.UserProviderService - [UserProviderService#Register] {"userId":null,"account":"PeterPan","password":"123456","email":"windows9.99999@hotmail.com","userName":"Peter","userIcon":null,"age":null,"sex":"男","phoneNumber":"15627866317","birthday":"2018-01-31","state":"北京市","city":"东城区","biography":null,"createTime":null,"loginTime":null,"lastLoginTime":null,"loginCount":null,"identity":null}
2023-09-19 15:25:37.199 [http-nio-7099-exec-3] DEBUG c.e.blogsystemconsumer.service.UserProviderService - [UserProviderService#Register] ---> END HTTP (349-byte body)
2023-09-19 15:25:38.205 [http-nio-7099-exec-3] DEBUG c.e.blogsystemconsumer.service.UserProviderService - [UserProviderService#Register] <--- HTTP/1.1 500  (1006ms)
2023-09-19 15:25:38.206 [http-nio-7099-exec-3] DEBUG c.e.blogsystemconsumer.service.UserProviderService - [UserProviderService#Register] connection: close
2023-09-19 15:25:38.206 [http-nio-7099-exec-3] DEBUG c.e.blogsystemconsumer.service.UserProviderService - [UserProviderService#Register] content-type: application/json
2023-09-19 15:25:38.206 [http-nio-7099-exec-3] DEBUG c.e.blogsystemconsumer.service.UserProviderService - [UserProviderService#Register] date: Tue, 19 Sep 2023 07:25:38 GMT
2023-09-19 15:25:38.206 [http-nio-7099-exec-3] DEBUG c.e.blogsystemconsumer.service.UserProviderService - [UserProviderService#Register] transfer-encoding: chunked
2023-09-19 15:25:38.206 [http-nio-7099-exec-3] DEBUG c.e.blogsystemconsumer.service.UserProviderService - [UserProviderService#Register] 
2023-09-19 15:25:38.206 [http-nio-7099-exec-3] DEBUG c.e.blogsystemconsumer.service.UserProviderService - [UserProviderService#Register] {"timestamp":"2023-09-19T07:25:38.205+00:00","status":500,"error":"Internal Server Error","path":"/user-provider/Register"}
2023-09-19 15:25:38.206 [http-nio-7099-exec-3] DEBUG c.e.blogsystemconsumer.service.UserProviderService - [UserProviderService#Register] <--- END HTTP (123-byte body)
2023-09-19 15:25:38.719 [http-nio-7099-exec-3] DEBUG c.e.blogsystemconsumer.service.UserProviderService - [UserProviderService#Register] ---> POST http://user-provider-server/user-provider/Register HTTP/1.1
2023-09-19 15:25:38.719 [http-nio-7099-exec-3] DEBUG c.e.blogsystemconsumer.service.UserProviderService - [UserProviderService#Register] Content-Length: 349
2023-09-19 15:25:38.719 [http-nio-7099-exec-3] DEBUG c.e.blogsystemconsumer.service.UserProviderService - [UserProviderService#Register] Content-Type: application/json
2023-09-19 15:25:38.720 [http-nio-7099-exec-3] DEBUG c.e.blogsystemconsumer.service.UserProviderService - [UserProviderService#Register] 
2023-09-19 15:25:38.720 [http-nio-7099-exec-3] DEBUG c.e.blogsystemconsumer.service.UserProviderService - [UserProviderService#Register] {"userId":null,"account":"PeterPan","password":"123456","email":"windows9.99999@hotmail.com","userName":"Peter","userIcon":null,"age":null,"sex":"男","phoneNumber":"15627866317","birthday":"2018-01-31","state":"北京市","city":"东城区","biography":null,"createTime":null,"loginTime":null,"lastLoginTime":null,"loginCount":null,"identity":null}
2023-09-19 15:25:38.720 [http-nio-7099-exec-3] DEBUG c.e.blogsystemconsumer.service.UserProviderService - [UserProviderService#Register] ---> END HTTP (349-byte body)
2023-09-19 15:25:39.728 [http-nio-7099-exec-3] DEBUG c.e.blogsystemconsumer.service.UserProviderService - [UserProviderService#Register] <--- HTTP/1.1 500  (1008ms)
2023-09-19 15:25:39.729 [http-nio-7099-exec-3] DEBUG c.e.blogsystemconsumer.service.UserProviderService - [UserProviderService#Register] connection: close
2023-09-19 15:25:39.729 [http-nio-7099-exec-3] DEBUG c.e.blogsystemconsumer.service.UserProviderService - [UserProviderService#Register] content-type: application/json
2023-09-19 15:25:39.729 [http-nio-7099-exec-3] DEBUG c.e.blogsystemconsumer.service.UserProviderService - [UserProviderService#Register] date: Tue, 19 Sep 2023 07:25:39 GMT
2023-09-19 15:25:39.729 [http-nio-7099-exec-3] DEBUG c.e.blogsystemconsumer.service.UserProviderService - [UserProviderService#Register] transfer-encoding: chunked
2023-09-19 15:25:39.729 [http-nio-7099-exec-3] DEBUG c.e.blogsystemconsumer.service.UserProviderService - [UserProviderService#Register] 
2023-09-19 15:25:39.729 [http-nio-7099-exec-3] DEBUG c.e.blogsystemconsumer.service.UserProviderService - [UserProviderService#Register] {"timestamp":"2023-09-19T07:25:39.728+00:00","status":500,"error":"Internal Server Error","path":"/user-provider/Register"}
2023-09-19 15:25:39.729 [http-nio-7099-exec-3] DEBUG c.e.blogsystemconsumer.service.UserProviderService - [UserProviderService#Register] <--- END HTTP (123-byte body)
2023-09-19 15:26:13.928 [SpringApplicationShutdownHook] INFO  o.s.c.n.e.serviceregistry.EurekaServiceRegistry - Unregistering application CONSUMER-SERVER with eureka with status DOWN
2023-09-19 15:26:13.928 [SpringApplicationShutdownHook] INFO  com.netflix.discovery.DiscoveryClient - Saw local status change event StatusChangeEvent [timestamp=1695108373928, current=DOWN, previous=UP]
2023-09-19 15:26:13.928 [DiscoveryClient-InstanceInfoReplicator-0] INFO  com.netflix.discovery.DiscoveryClient - DiscoveryClient_CONSUMER-SERVER/consumer-server: registering service...
2023-09-19 15:26:13.933 [DiscoveryClient-InstanceInfoReplicator-0] INFO  c.n.d.s.t.decorator.RedirectingEurekaHttpClient - Request execution error. endpoint=DefaultEndpoint{ serviceUrl='http://localhost:8081/eureka/eureka/} exception=I/O error on POST request for "http://localhost:8081/eureka/eureka/apps/CONSUMER-SERVER": Connect to localhost:8081 [localhost/127.0.0.1, localhost/0:0:0:0:0:0:0:1] failed: Connection refused: connect; nested exception is org.apache.http.conn.HttpHostConnectException: Connect to localhost:8081 [localhost/127.0.0.1, localhost/0:0:0:0:0:0:0:1] failed: Connection refused: connect stacktrace=org.springframework.web.client.ResourceAccessException: I/O error on POST request for "http://localhost:8081/eureka/eureka/apps/CONSUMER-SERVER": Connect to localhost:8081 [localhost/127.0.0.1, localhost/0:0:0:0:0:0:0:1] failed: Connection refused: connect; nested exception is org.apache.http.conn.HttpHostConnectException: Connect to localhost:8081 [localhost/127.0.0.1, localhost/0:0:0:0:0:0:0:1] failed: Connection refused: connect
	at org.springframework.web.client.RestTemplate.doExecute(RestTemplate.java:785)
	at org.springframework.web.client.RestTemplate.execute(RestTemplate.java:711)
	at org.springframework.web.client.RestTemplate.exchange(RestTemplate.java:602)
	at org.springframework.cloud.netflix.eureka.http.RestTemplateEurekaHttpClient.register(RestTemplateEurekaHttpClient.java:77)
	at com.netflix.discovery.shared.transport.decorator.EurekaHttpClientDecorator$1.execute(EurekaHttpClientDecorator.java:59)
	at com.netflix.discovery.shared.transport.decorator.RedirectingEurekaHttpClient.execute(RedirectingEurekaHttpClient.java:91)
	at com.netflix.discovery.shared.transport.decorator.EurekaHttpClientDecorator.register(EurekaHttpClientDecorator.java:56)
	at com.netflix.discovery.shared.transport.decorator.EurekaHttpClientDecorator$1.execute(EurekaHttpClientDecorator.java:59)
	at com.netflix.discovery.shared.transport.decorator.RetryableEurekaHttpClient.execute(RetryableEurekaHttpClient.java:120)
	at com.netflix.discovery.shared.transport.decorator.EurekaHttpClientDecorator.register(EurekaHttpClientDecorator.java:56)
	at com.netflix.discovery.shared.transport.decorator.EurekaHttpClientDecorator$1.execute(EurekaHttpClientDecorator.java:59)
	at com.netflix.discovery.shared.transport.decorator.SessionedEurekaHttpClient.execute(SessionedEurekaHttpClient.java:77)
	at com.netflix.discovery.shared.transport.decorator.EurekaHttpClientDecorator.register(EurekaHttpClientDecorator.java:56)
	at com.netflix.discovery.DiscoveryClient.register(DiscoveryClient.java:876)
	at com.netflix.discovery.InstanceInfoReplicator.run(InstanceInfoReplicator.java:121)
	at com.netflix.discovery.InstanceInfoReplicator$1.run(InstanceInfoReplicator.java:101)
	at java.base/java.util.concurrent.Executors$RunnableAdapter.call(Executors.java:539)
	at java.base/java.util.concurrent.FutureTask.run$$$capture(FutureTask.java:264)
	at java.base/java.util.concurrent.FutureTask.run(FutureTask.java)
	at java.base/java.util.concurrent.ScheduledThreadPoolExecutor$ScheduledFutureTask.run(ScheduledThreadPoolExecutor.java:304)
	at java.base/java.util.concurrent.ThreadPoolExecutor.runWorker(ThreadPoolExecutor.java:1136)
	at java.base/java.util.concurrent.ThreadPoolExecutor$Worker.run(ThreadPoolExecutor.java:635)
	at java.base/java.lang.Thread.run(Thread.java:833)
Caused by: org.apache.http.conn.HttpHostConnectException: Connect to localhost:8081 [localhost/127.0.0.1, localhost/0:0:0:0:0:0:0:1] failed: Connection refused: connect
	at org.apache.http.impl.conn.DefaultHttpClientConnectionOperator.connect(DefaultHttpClientConnectionOperator.java:156)
	at org.apache.http.impl.conn.PoolingHttpClientConnectionManager.connect(PoolingHttpClientConnectionManager.java:376)
	at org.apache.http.impl.execchain.MainClientExec.establishRoute(MainClientExec.java:393)
	at org.apache.http.impl.execchain.MainClientExec.execute(MainClientExec.java:236)
	at org.apache.http.impl.execchain.ProtocolExec.execute(ProtocolExec.java:186)
	at org.apache.http.impl.execchain.RetryExec.execute(RetryExec.java:89)
	at org.apache.http.impl.execchain.RedirectExec.execute(RedirectExec.java:110)
	at org.apache.http.impl.client.InternalHttpClient.doExecute(InternalHttpClient.java:185)
	at org.apache.http.impl.client.CloseableHttpClient.execute(CloseableHttpClient.java:83)
	at org.apache.http.impl.client.CloseableHttpClient.execute(CloseableHttpClient.java:56)
	at org.springframework.http.client.HttpComponentsClientHttpRequest.executeInternal(HttpComponentsClientHttpRequest.java:87)
	at org.springframework.http.client.AbstractBufferingClientHttpRequest.executeInternal(AbstractBufferingClientHttpRequest.java:48)
	at org.springframework.http.client.AbstractClientHttpRequest.execute(AbstractClientHttpRequest.java:66)
	at org.springframework.web.client.RestTemplate.doExecute(RestTemplate.java:776)
	... 22 more
Caused by: java.net.ConnectException: Connection refused: connect
	at java.base/sun.nio.ch.Net.connect0(Native Method)
	at java.base/sun.nio.ch.Net.connect(Net.java:579)
	at java.base/sun.nio.ch.Net.connect(Net.java:568)
	at java.base/sun.nio.ch.NioSocketImpl.connect(NioSocketImpl.java:588)
	at java.base/java.net.SocksSocketImpl.connect(SocksSocketImpl.java:327)
	at java.base/java.net.Socket.connect(Socket.java:633)
	at org.apache.http.conn.socket.PlainConnectionSocketFactory.connectSocket(PlainConnectionSocketFactory.java:75)
	at org.apache.http.impl.conn.DefaultHttpClientConnectionOperator.connect(DefaultHttpClientConnectionOperator.java:142)
	... 35 more

2023-09-19 15:26:13.933 [DiscoveryClient-InstanceInfoReplicator-0] WARN  c.n.d.s.t.decorator.RetryableEurekaHttpClient - Request execution failed with message: I/O error on POST request for "http://localhost:8081/eureka/eureka/apps/CONSUMER-SERVER": Connect to localhost:8081 [localhost/127.0.0.1, localhost/0:0:0:0:0:0:0:1] failed: Connection refused: connect; nested exception is org.apache.http.conn.HttpHostConnectException: Connect to localhost:8081 [localhost/127.0.0.1, localhost/0:0:0:0:0:0:0:1] failed: Connection refused: connect
2023-09-19 15:26:13.938 [DiscoveryClient-InstanceInfoReplicator-0] INFO  c.n.d.s.t.decorator.RedirectingEurekaHttpClient - Request execution error. endpoint=DefaultEndpoint{ serviceUrl='http://localhost:8081/eureka/eureka/}, exception=I/O error on POST request for "http://localhost:8081/eureka/eureka/apps/CONSUMER-SERVER": Connect to localhost:8081 [localhost/127.0.0.1, localhost/0:0:0:0:0:0:0:1] failed: Connection refused: connect; nested exception is org.apache.http.conn.HttpHostConnectException: Connect to localhost:8081 [localhost/127.0.0.1, localhost/0:0:0:0:0:0:0:1] failed: Connection refused: connect stacktrace=org.springframework.web.client.ResourceAccessException: I/O error on POST request for "http://localhost:8081/eureka/eureka/apps/CONSUMER-SERVER": Connect to localhost:8081 [localhost/127.0.0.1, localhost/0:0:0:0:0:0:0:1] failed: Connection refused: connect; nested exception is org.apache.http.conn.HttpHostConnectException: Connect to localhost:8081 [localhost/127.0.0.1, localhost/0:0:0:0:0:0:0:1] failed: Connection refused: connect
	at org.springframework.web.client.RestTemplate.doExecute(RestTemplate.java:785)
	at org.springframework.web.client.RestTemplate.execute(RestTemplate.java:711)
	at org.springframework.web.client.RestTemplate.exchange(RestTemplate.java:602)
	at org.springframework.cloud.netflix.eureka.http.RestTemplateEurekaHttpClient.register(RestTemplateEurekaHttpClient.java:77)
	at com.netflix.discovery.shared.transport.decorator.EurekaHttpClientDecorator$1.execute(EurekaHttpClientDecorator.java:59)
	at com.netflix.discovery.shared.transport.decorator.RedirectingEurekaHttpClient.executeOnNewServer(RedirectingEurekaHttpClient.java:121)
	at com.netflix.discovery.shared.transport.decorator.RedirectingEurekaHttpClient.execute(RedirectingEurekaHttpClient.java:80)
	at com.netflix.discovery.shared.transport.decorator.EurekaHttpClientDecorator.register(EurekaHttpClientDecorator.java:56)
	at com.netflix.discovery.shared.transport.decorator.EurekaHttpClientDecorator$1.execute(EurekaHttpClientDecorator.java:59)
	at com.netflix.discovery.shared.transport.decorator.RetryableEurekaHttpClient.execute(RetryableEurekaHttpClient.java:120)
	at com.netflix.discovery.shared.transport.decorator.EurekaHttpClientDecorator.register(EurekaHttpClientDecorator.java:56)
	at com.netflix.discovery.shared.transport.decorator.EurekaHttpClientDecorator$1.execute(EurekaHttpClientDecorator.java:59)
	at com.netflix.discovery.shared.transport.decorator.SessionedEurekaHttpClient.execute(SessionedEurekaHttpClient.java:77)
	at com.netflix.discovery.shared.transport.decorator.EurekaHttpClientDecorator.register(EurekaHttpClientDecorator.java:56)
	at com.netflix.discovery.DiscoveryClient.register(DiscoveryClient.java:876)
	at com.netflix.discovery.InstanceInfoReplicator.run(InstanceInfoReplicator.java:121)
	at com.netflix.discovery.InstanceInfoReplicator$1.run(InstanceInfoReplicator.java:101)
	at java.base/java.util.concurrent.Executors$RunnableAdapter.call(Executors.java:539)
	at java.base/java.util.concurrent.FutureTask.run$$$capture(FutureTask.java:264)
	at java.base/java.util.concurrent.FutureTask.run(FutureTask.java)
	at java.base/java.util.concurrent.ScheduledThreadPoolExecutor$ScheduledFutureTask.run(ScheduledThreadPoolExecutor.java:304)
	at java.base/java.util.concurrent.ThreadPoolExecutor.runWorker(ThreadPoolExecutor.java:1136)
	at java.base/java.util.concurrent.ThreadPoolExecutor$Worker.run(ThreadPoolExecutor.java:635)
	at java.base/java.lang.Thread.run(Thread.java:833)
Caused by: org.apache.http.conn.HttpHostConnectException: Connect to localhost:8081 [localhost/127.0.0.1, localhost/0:0:0:0:0:0:0:1] failed: Connection refused: connect
	at org.apache.http.impl.conn.DefaultHttpClientConnectionOperator.connect(DefaultHttpClientConnectionOperator.java:156)
	at org.apache.http.impl.conn.PoolingHttpClientConnectionManager.connect(PoolingHttpClientConnectionManager.java:376)
	at org.apache.http.impl.execchain.MainClientExec.establishRoute(MainClientExec.java:393)
	at org.apache.http.impl.execchain.MainClientExec.execute(MainClientExec.java:236)
	at org.apache.http.impl.execchain.ProtocolExec.execute(ProtocolExec.java:186)
	at org.apache.http.impl.execchain.RetryExec.execute(RetryExec.java:89)
	at org.apache.http.impl.execchain.RedirectExec.execute(RedirectExec.java:110)
	at org.apache.http.impl.client.InternalHttpClient.doExecute(InternalHttpClient.java:185)
	at org.apache.http.impl.client.CloseableHttpClient.execute(CloseableHttpClient.java:83)
	at org.apache.http.impl.client.CloseableHttpClient.execute(CloseableHttpClient.java:56)
	at org.springframework.http.client.HttpComponentsClientHttpRequest.executeInternal(HttpComponentsClientHttpRequest.java:87)
	at org.springframework.http.client.AbstractBufferingClientHttpRequest.executeInternal(AbstractBufferingClientHttpRequest.java:48)
	at org.springframework.http.client.AbstractClientHttpRequest.execute(AbstractClientHttpRequest.java:66)
	at org.springframework.web.client.RestTemplate.doExecute(RestTemplate.java:776)
	... 23 more
Caused by: java.net.ConnectException: Connection refused: connect
	at java.base/sun.nio.ch.Net.connect0(Native Method)
	at java.base/sun.nio.ch.Net.connect(Net.java:579)
	at java.base/sun.nio.ch.Net.connect(Net.java:568)
	at java.base/sun.nio.ch.NioSocketImpl.connect(NioSocketImpl.java:588)
	at java.base/java.net.SocksSocketImpl.connect(SocksSocketImpl.java:327)
	at java.base/java.net.Socket.connect(Socket.java:633)
	at org.apache.http.conn.socket.PlainConnectionSocketFactory.connectSocket(PlainConnectionSocketFactory.java:75)
	at org.apache.http.impl.conn.DefaultHttpClientConnectionOperator.connect(DefaultHttpClientConnectionOperator.java:142)
	... 36 more

2023-09-19 15:26:13.938 [DiscoveryClient-InstanceInfoReplicator-0] WARN  c.n.d.s.t.decorator.RetryableEurekaHttpClient - Request execution failed with message: I/O error on POST request for "http://localhost:8081/eureka/eureka/apps/CONSUMER-SERVER": Connect to localhost:8081 [localhost/127.0.0.1, localhost/0:0:0:0:0:0:0:1] failed: Connection refused: connect; nested exception is org.apache.http.conn.HttpHostConnectException: Connect to localhost:8081 [localhost/127.0.0.1, localhost/0:0:0:0:0:0:0:1] failed: Connection refused: connect
2023-09-19 15:26:13.939 [DiscoveryClient-InstanceInfoReplicator-0] WARN  com.netflix.discovery.DiscoveryClient - DiscoveryClient_CONSUMER-SERVER/consumer-server - registration failed Cannot execute request on any known server
com.netflix.discovery.shared.transport.TransportException: Cannot execute request on any known server
	at com.netflix.discovery.shared.transport.decorator.RetryableEurekaHttpClient.execute(RetryableEurekaHttpClient.java:112)
	at com.netflix.discovery.shared.transport.decorator.EurekaHttpClientDecorator.register(EurekaHttpClientDecorator.java:56)
	at com.netflix.discovery.shared.transport.decorator.EurekaHttpClientDecorator$1.execute(EurekaHttpClientDecorator.java:59)
	at com.netflix.discovery.shared.transport.decorator.SessionedEurekaHttpClient.execute(SessionedEurekaHttpClient.java:77)
	at com.netflix.discovery.shared.transport.decorator.EurekaHttpClientDecorator.register(EurekaHttpClientDecorator.java:56)
	at com.netflix.discovery.DiscoveryClient.register(DiscoveryClient.java:876)
	at com.netflix.discovery.InstanceInfoReplicator.run(InstanceInfoReplicator.java:121)
	at com.netflix.discovery.InstanceInfoReplicator$1.run(InstanceInfoReplicator.java:101)
	at java.base/java.util.concurrent.Executors$RunnableAdapter.call(Executors.java:539)
	at java.base/java.util.concurrent.FutureTask.run$$$capture(FutureTask.java:264)
	at java.base/java.util.concurrent.FutureTask.run(FutureTask.java)
	at java.base/java.util.concurrent.ScheduledThreadPoolExecutor$ScheduledFutureTask.run(ScheduledThreadPoolExecutor.java:304)
	at java.base/java.util.concurrent.ThreadPoolExecutor.runWorker(ThreadPoolExecutor.java:1136)
	at java.base/java.util.concurrent.ThreadPoolExecutor$Worker.run(ThreadPoolExecutor.java:635)
	at java.base/java.lang.Thread.run(Thread.java:833)
2023-09-19 15:26:13.940 [DiscoveryClient-InstanceInfoReplicator-0] WARN  com.netflix.discovery.InstanceInfoReplicator - There was a problem with the instance info replicator
com.netflix.discovery.shared.transport.TransportException: Cannot execute request on any known server
	at com.netflix.discovery.shared.transport.decorator.RetryableEurekaHttpClient.execute(RetryableEurekaHttpClient.java:112)
	at com.netflix.discovery.shared.transport.decorator.EurekaHttpClientDecorator.register(EurekaHttpClientDecorator.java:56)
	at com.netflix.discovery.shared.transport.decorator.EurekaHttpClientDecorator$1.execute(EurekaHttpClientDecorator.java:59)
	at com.netflix.discovery.shared.transport.decorator.SessionedEurekaHttpClient.execute(SessionedEurekaHttpClient.java:77)
	at com.netflix.discovery.shared.transport.decorator.EurekaHttpClientDecorator.register(EurekaHttpClientDecorator.java:56)
	at com.netflix.discovery.DiscoveryClient.register(DiscoveryClient.java:876)
	at com.netflix.discovery.InstanceInfoReplicator.run(InstanceInfoReplicator.java:121)
	at com.netflix.discovery.InstanceInfoReplicator$1.run(InstanceInfoReplicator.java:101)
	at java.base/java.util.concurrent.Executors$RunnableAdapter.call(Executors.java:539)
	at java.base/java.util.concurrent.FutureTask.run$$$capture(FutureTask.java:264)
	at java.base/java.util.concurrent.FutureTask.run(FutureTask.java)
	at java.base/java.util.concurrent.ScheduledThreadPoolExecutor$ScheduledFutureTask.run(ScheduledThreadPoolExecutor.java:304)
	at java.base/java.util.concurrent.ThreadPoolExecutor.runWorker(ThreadPoolExecutor.java:1136)
	at java.base/java.util.concurrent.ThreadPoolExecutor$Worker.run(ThreadPoolExecutor.java:635)
	at java.base/java.lang.Thread.run(Thread.java:833)
2023-09-19 15:26:14.073 [SpringApplicationShutdownHook] INFO  com.netflix.discovery.DiscoveryClient - Shutting down DiscoveryClient ...
2023-09-19 15:26:17.083 [SpringApplicationShutdownHook] INFO  com.netflix.discovery.DiscoveryClient - Unregistering ...
2023-09-19 15:26:17.087 [SpringApplicationShutdownHook] INFO  c.n.d.s.t.decorator.RedirectingEurekaHttpClient - Request execution error. endpoint=DefaultEndpoint{ serviceUrl='http://localhost:8081/eureka/eureka/}, exception=I/O error on DELETE request for "http://localhost:8081/eureka/eureka/apps/CONSUMER-SERVER/consumer-server": Connect to localhost:8081 [localhost/127.0.0.1, localhost/0:0:0:0:0:0:0:1] failed: Connection refused: connect; nested exception is org.apache.http.conn.HttpHostConnectException: Connect to localhost:8081 [localhost/127.0.0.1, localhost/0:0:0:0:0:0:0:1] failed: Connection refused: connect stacktrace=org.springframework.web.client.ResourceAccessException: I/O error on DELETE request for "http://localhost:8081/eureka/eureka/apps/CONSUMER-SERVER/consumer-server": Connect to localhost:8081 [localhost/127.0.0.1, localhost/0:0:0:0:0:0:0:1] failed: Connection refused: connect; nested exception is org.apache.http.conn.HttpHostConnectException: Connect to localhost:8081 [localhost/127.0.0.1, localhost/0:0:0:0:0:0:0:1] failed: Connection refused: connect
	at org.springframework.web.client.RestTemplate.doExecute(RestTemplate.java:785)
	at org.springframework.web.client.RestTemplate.execute(RestTemplate.java:711)
	at org.springframework.web.client.RestTemplate.exchange(RestTemplate.java:602)
	at org.springframework.cloud.netflix.eureka.http.RestTemplateEurekaHttpClient.cancel(RestTemplateEurekaHttpClient.java:87)
	at com.netflix.discovery.shared.transport.decorator.EurekaHttpClientDecorator$2.execute(EurekaHttpClientDecorator.java:74)
	at com.netflix.discovery.shared.transport.decorator.RedirectingEurekaHttpClient.executeOnNewServer(RedirectingEurekaHttpClient.java:121)
	at com.netflix.discovery.shared.transport.decorator.RedirectingEurekaHttpClient.execute(RedirectingEurekaHttpClient.java:80)
	at com.netflix.discovery.shared.transport.decorator.EurekaHttpClientDecorator.cancel(EurekaHttpClientDecorator.java:71)
	at com.netflix.discovery.shared.transport.decorator.EurekaHttpClientDecorator$2.execute(EurekaHttpClientDecorator.java:74)
	at com.netflix.discovery.shared.transport.decorator.RetryableEurekaHttpClient.execute(RetryableEurekaHttpClient.java:120)
	at com.netflix.discovery.shared.transport.decorator.EurekaHttpClientDecorator.cancel(EurekaHttpClientDecorator.java:71)
	at com.netflix.discovery.shared.transport.decorator.EurekaHttpClientDecorator$2.execute(EurekaHttpClientDecorator.java:74)
	at com.netflix.discovery.shared.transport.decorator.SessionedEurekaHttpClient.execute(SessionedEurekaHttpClient.java:77)
	at com.netflix.discovery.shared.transport.decorator.EurekaHttpClientDecorator.cancel(EurekaHttpClientDecorator.java:71)
	at com.netflix.discovery.DiscoveryClient.unregister(DiscoveryClient.java:972)
	at com.netflix.discovery.DiscoveryClient.shutdown(DiscoveryClient.java:948)
	at java.base/jdk.internal.reflect.NativeMethodAccessorImpl.invoke0(Native Method)
	at java.base/jdk.internal.reflect.NativeMethodAccessorImpl.invoke(NativeMethodAccessorImpl.java:77)
	at java.base/jdk.internal.reflect.DelegatingMethodAccessorImpl.invoke(DelegatingMethodAccessorImpl.java:43)
	at java.base/java.lang.reflect.Method.invoke(Method.java:568)
	at org.springframework.beans.factory.annotation.InitDestroyAnnotationBeanPostProcessor$LifecycleElement.invoke(InitDestroyAnnotationBeanPostProcessor.java:389)
	at org.springframework.beans.factory.annotation.InitDestroyAnnotationBeanPostProcessor$LifecycleMetadata.invokeDestroyMethods(InitDestroyAnnotationBeanPostProcessor.java:347)
	at org.springframework.beans.factory.annotation.InitDestroyAnnotationBeanPostProcessor.postProcessBeforeDestruction(InitDestroyAnnotationBeanPostProcessor.java:177)
	at org.springframework.beans.factory.support.DisposableBeanAdapter.destroy(DisposableBeanAdapter.java:196)
	at org.springframework.beans.factory.support.DisposableBeanAdapter.run(DisposableBeanAdapter.java:189)
	at org.springframework.cloud.context.scope.GenericScope$BeanLifecycleWrapper.destroy(GenericScope.java:390)
	at org.springframework.cloud.context.scope.GenericScope.destroy(GenericScope.java:136)
	at org.springframework.beans.factory.support.DisposableBeanAdapter.destroy(DisposableBeanAdapter.java:212)
	at org.springframework.beans.factory.support.DefaultSingletonBeanRegistry.destroyBean(DefaultSingletonBeanRegistry.java:587)
	at org.springframework.beans.factory.support.DefaultSingletonBeanRegistry.destroySingleton(DefaultSingletonBeanRegistry.java:559)
	at org.springframework.beans.factory.support.DefaultListableBeanFactory.destroySingleton(DefaultListableBeanFactory.java:1152)
	at org.springframework.beans.factory.support.DefaultSingletonBeanRegistry.destroySingletons(DefaultSingletonBeanRegistry.java:520)
	at org.springframework.beans.factory.support.DefaultListableBeanFactory.destroySingletons(DefaultListableBeanFactory.java:1145)
	at org.springframework.context.support.AbstractApplicationContext.destroyBeans(AbstractApplicationContext.java:1106)
	at org.springframework.context.support.AbstractApplicationContext.doClose(AbstractApplicationContext.java:1075)
	at org.springframework.boot.web.servlet.context.ServletWebServerApplicationContext.doClose(ServletWebServerApplicationContext.java:172)
	at org.springframework.context.support.AbstractApplicationContext.close(AbstractApplicationContext.java:1021)
	at org.springframework.boot.SpringApplicationShutdownHook.closeAndWait(SpringApplicationShutdownHook.java:137)
	at java.base/java.lang.Iterable.forEach(Iterable.java:75)
	at org.springframework.boot.SpringApplicationShutdownHook.run(SpringApplicationShutdownHook.java:106)
	at java.base/java.lang.Thread.run(Thread.java:833)
Caused by: org.apache.http.conn.HttpHostConnectException: Connect to localhost:8081 [localhost/127.0.0.1, localhost/0:0:0:0:0:0:0:1] failed: Connection refused: connect
	at org.apache.http.impl.conn.DefaultHttpClientConnectionOperator.connect(DefaultHttpClientConnectionOperator.java:156)
	at org.apache.http.impl.conn.PoolingHttpClientConnectionManager.connect(PoolingHttpClientConnectionManager.java:376)
	at org.apache.http.impl.execchain.MainClientExec.establishRoute(MainClientExec.java:393)
	at org.apache.http.impl.execchain.MainClientExec.execute(MainClientExec.java:236)
	at org.apache.http.impl.execchain.ProtocolExec.execute(ProtocolExec.java:186)
	at org.apache.http.impl.execchain.RetryExec.execute(RetryExec.java:89)
	at org.apache.http.impl.execchain.RedirectExec.execute(RedirectExec.java:110)
	at org.apache.http.impl.client.InternalHttpClient.doExecute(InternalHttpClient.java:185)
	at org.apache.http.impl.client.CloseableHttpClient.execute(CloseableHttpClient.java:83)
	at org.apache.http.impl.client.CloseableHttpClient.execute(CloseableHttpClient.java:56)
	at org.springframework.http.client.HttpComponentsClientHttpRequest.executeInternal(HttpComponentsClientHttpRequest.java:87)
	at org.springframework.http.client.AbstractBufferingClientHttpRequest.executeInternal(AbstractBufferingClientHttpRequest.java:48)
	at org.springframework.http.client.AbstractClientHttpRequest.execute(AbstractClientHttpRequest.java:66)
	at org.springframework.web.client.RestTemplate.doExecute(RestTemplate.java:776)
	... 40 more
Caused by: java.net.ConnectException: Connection refused: connect
	at java.base/sun.nio.ch.Net.connect0(Native Method)
	at java.base/sun.nio.ch.Net.connect(Net.java:579)
	at java.base/sun.nio.ch.Net.connect(Net.java:568)
	at java.base/sun.nio.ch.NioSocketImpl.connect(NioSocketImpl.java:588)
	at java.base/java.net.SocksSocketImpl.connect(SocksSocketImpl.java:327)
	at java.base/java.net.Socket.connect(Socket.java:633)
	at org.apache.http.conn.socket.PlainConnectionSocketFactory.connectSocket(PlainConnectionSocketFactory.java:75)
	at org.apache.http.impl.conn.DefaultHttpClientConnectionOperator.connect(DefaultHttpClientConnectionOperator.java:142)
	... 53 more

2023-09-19 15:26:17.087 [SpringApplicationShutdownHook] WARN  c.n.d.s.t.decorator.RetryableEurekaHttpClient - Request execution failed with message: I/O error on DELETE request for "http://localhost:8081/eureka/eureka/apps/CONSUMER-SERVER/consumer-server": Connect to localhost:8081 [localhost/127.0.0.1, localhost/0:0:0:0:0:0:0:1] failed: Connection refused: connect; nested exception is org.apache.http.conn.HttpHostConnectException: Connect to localhost:8081 [localhost/127.0.0.1, localhost/0:0:0:0:0:0:0:1] failed: Connection refused: connect
2023-09-19 15:26:17.087 [SpringApplicationShutdownHook] ERROR com.netflix.discovery.DiscoveryClient - DiscoveryClient_CONSUMER-SERVER/consumer-server - de-registration failedCannot execute request on any known server
com.netflix.discovery.shared.transport.TransportException: Cannot execute request on any known server
	at com.netflix.discovery.shared.transport.decorator.RetryableEurekaHttpClient.execute(RetryableEurekaHttpClient.java:112)
	at com.netflix.discovery.shared.transport.decorator.EurekaHttpClientDecorator.cancel(EurekaHttpClientDecorator.java:71)
	at com.netflix.discovery.shared.transport.decorator.EurekaHttpClientDecorator$2.execute(EurekaHttpClientDecorator.java:74)
	at com.netflix.discovery.shared.transport.decorator.SessionedEurekaHttpClient.execute(SessionedEurekaHttpClient.java:77)
	at com.netflix.discovery.shared.transport.decorator.EurekaHttpClientDecorator.cancel(EurekaHttpClientDecorator.java:71)
	at com.netflix.discovery.DiscoveryClient.unregister(DiscoveryClient.java:972)
	at com.netflix.discovery.DiscoveryClient.shutdown(DiscoveryClient.java:948)
	at java.base/jdk.internal.reflect.NativeMethodAccessorImpl.invoke0(Native Method)
	at java.base/jdk.internal.reflect.NativeMethodAccessorImpl.invoke(NativeMethodAccessorImpl.java:77)
	at java.base/jdk.internal.reflect.DelegatingMethodAccessorImpl.invoke(DelegatingMethodAccessorImpl.java:43)
	at java.base/java.lang.reflect.Method.invoke(Method.java:568)
	at org.springframework.beans.factory.annotation.InitDestroyAnnotationBeanPostProcessor$LifecycleElement.invoke(InitDestroyAnnotationBeanPostProcessor.java:389)
	at org.springframework.beans.factory.annotation.InitDestroyAnnotationBeanPostProcessor$LifecycleMetadata.invokeDestroyMethods(InitDestroyAnnotationBeanPostProcessor.java:347)
	at org.springframework.beans.factory.annotation.InitDestroyAnnotationBeanPostProcessor.postProcessBeforeDestruction(InitDestroyAnnotationBeanPostProcessor.java:177)
	at org.springframework.beans.factory.support.DisposableBeanAdapter.destroy(DisposableBeanAdapter.java:196)
	at org.springframework.beans.factory.support.DisposableBeanAdapter.run(DisposableBeanAdapter.java:189)
	at org.springframework.cloud.context.scope.GenericScope$BeanLifecycleWrapper.destroy(GenericScope.java:390)
	at org.springframework.cloud.context.scope.GenericScope.destroy(GenericScope.java:136)
	at org.springframework.beans.factory.support.DisposableBeanAdapter.destroy(DisposableBeanAdapter.java:212)
	at org.springframework.beans.factory.support.DefaultSingletonBeanRegistry.destroyBean(DefaultSingletonBeanRegistry.java:587)
	at org.springframework.beans.factory.support.DefaultSingletonBeanRegistry.destroySingleton(DefaultSingletonBeanRegistry.java:559)
	at org.springframework.beans.factory.support.DefaultListableBeanFactory.destroySingleton(DefaultListableBeanFactory.java:1152)
	at org.springframework.beans.factory.support.DefaultSingletonBeanRegistry.destroySingletons(DefaultSingletonBeanRegistry.java:520)
	at org.springframework.beans.factory.support.DefaultListableBeanFactory.destroySingletons(DefaultListableBeanFactory.java:1145)
	at org.springframework.context.support.AbstractApplicationContext.destroyBeans(AbstractApplicationContext.java:1106)
	at org.springframework.context.support.AbstractApplicationContext.doClose(AbstractApplicationContext.java:1075)
	at org.springframework.boot.web.servlet.context.ServletWebServerApplicationContext.doClose(ServletWebServerApplicationContext.java:172)
	at org.springframework.context.support.AbstractApplicationContext.close(AbstractApplicationContext.java:1021)
	at org.springframework.boot.SpringApplicationShutdownHook.closeAndWait(SpringApplicationShutdownHook.java:137)
	at java.base/java.lang.Iterable.forEach(Iterable.java:75)
	at org.springframework.boot.SpringApplicationShutdownHook.run(SpringApplicationShutdownHook.java:106)
	at java.base/java.lang.Thread.run(Thread.java:833)
2023-09-19 15:26:17.117 [SpringApplicationShutdownHook] INFO  com.netflix.discovery.DiscoveryClient - Completed shut down of DiscoveryClient
